2025-06-29 16:54:26,088 - INFO - Snowflake Connector for Python Version: 3.15.0, Python Version: 3.10.11, Platform: Windows-10-10.0.19045-SP0
2025-06-29 16:54:26,092 - INFO - Connecting to GLOBAL Snowflake domain
2025-06-29 16:54:31,692 - INFO - Conexión a Snowflake exitosa
2025-06-29 16:55:29,802 - INFO - Snowflake Connector for Python Version: 3.15.0, Python Version: 3.10.11, Platform: Windows-10-10.0.19045-SP0
2025-06-29 16:55:29,805 - INFO - Connecting to GLOBAL Snowflake domain
2025-06-29 16:55:30,643 - INFO - Conexión a Snowflake exitosa
2025-06-29 16:55:54,980 - INFO - Snowflake Connector for Python Version: 3.15.0, Python Version: 3.10.11, Platform: Windows-10-10.0.19045-SP0
2025-06-29 16:55:54,992 - INFO - Connecting to GLOBAL Snowflake domain
2025-06-29 16:55:55,747 - INFO - Conexión a Snowflake exitosa
2025-06-29 16:55:58,041 - INFO - Datos cargados: 2000 registros
2025-06-29 17:02:01,447 - INFO - Datos preprocesados, escalados y transformados con PCA. Componentes seleccionados: 2 (PC1 y PC2)
2025-06-29 17:02:38,500 - INFO - Número óptimo de clusters seleccionado: 9
2025-06-29 17:04:12,773 - INFO - Número óptimo de clusters seleccionado: 9
2025-06-29 17:04:56,521 - INFO - Métricas del modelo: Silhouette Score=0.312, Davies-Bouldin Score=0.900, Mean Squared Distance=1.290, Quality=Aceptable
2025-06-29 17:17:39,479 - INFO - Snowflake Connector for Python Version: 3.15.0, Python Version: 3.10.11, Platform: Windows-10-10.0.19045-SP0
2025-06-29 17:17:39,481 - INFO - Connecting to GLOBAL Snowflake domain
2025-06-29 17:17:40,837 - INFO - Conexión a Snowflake exitosa
2025-06-29 17:19:55,314 - INFO - Snowflake Connector for Python Version: 3.15.0, Python Version: 3.10.11, Platform: Windows-10-10.0.19045-SP0
2025-06-29 17:19:55,320 - INFO - Connecting to GLOBAL Snowflake domain
2025-06-29 17:19:56,251 - INFO - Conexión a Snowflake exitosa
2025-06-29 17:21:06,317 - INFO - Snowflake Connector for Python Version: 3.15.0, Python Version: 3.10.11, Platform: Windows-10-10.0.19045-SP0
2025-06-29 17:21:06,320 - INFO - Connecting to GLOBAL Snowflake domain
2025-06-29 17:21:07,155 - INFO - Conexión a Snowflake exitosa
2025-06-29 17:21:27,928 - INFO - Snowflake Connector for Python Version: 3.15.0, Python Version: 3.10.11, Platform: Windows-10-10.0.19045-SP0
2025-06-29 17:21:27,931 - INFO - Connecting to GLOBAL Snowflake domain
2025-06-29 17:21:28,823 - INFO - Conexión a Snowflake exitosa
2025-06-29 17:23:51,008 - INFO - Snowflake Connector for Python Version: 3.15.0, Python Version: 3.10.11, Platform: Windows-10-10.0.19045-SP0
2025-06-29 17:23:51,011 - INFO - Connecting to GLOBAL Snowflake domain
2025-06-29 17:23:51,928 - INFO - Conexión a Snowflake exitosa
2025-06-29 17:27:18,761 - INFO - Visualización de perfiles de clusters, gráfico PCA y pairplot generados.
2025-06-29 17:32:32,231 - INFO - Visualización de perfiles de clusters, gráfico PCA y pairplot generados.
2025-06-29 17:35:11,308 - INFO - Visualización de perfiles de clusters, gráfico PCA y pairplot generados.
2025-06-29 17:38:28,123 - INFO - Visualización de perfiles de clusters, gráfico PCA y pairplot generados.
2025-06-29 17:40:41,595 - INFO - Visualización de perfiles de clusters, gráfico PCA y pairplot generados.
2025-06-29 17:44:36,679 - INFO - Snowflake Connector for Python Version: 3.15.0, Python Version: 3.10.11, Platform: Windows-10-10.0.19045-SP0
2025-06-29 17:44:36,682 - INFO - Connecting to GLOBAL Snowflake domain
2025-06-29 17:44:37,701 - INFO - Conexión a Snowflake exitosa
2025-06-29 17:48:37,558 - INFO - Visualización de perfiles de clusters, gráfico PCA y pairplot generados.
2025-06-29 17:51:03,581 - INFO - Visualización de perfiles de clusters, gráfico PCA y pairplot generados.
2025-06-29 17:54:33,626 - INFO - Visualización de perfiles de clusters, gráfico PCA y pairplot generados.
2025-06-29 18:00:13,123 - INFO - Visualización de perfiles de clusters, gráfico PCA y pairplot generados.
2025-06-29 18:02:50,782 - INFO - Visualización de perfiles de clusters, gráfico PCA y pairplot generados.
2025-06-29 18:04:18,900 - INFO - Visualización de perfiles de clusters, gráfico PCA y pairplot generados.
2025-06-29 18:06:33,081 - INFO - Visualización de perfiles de clusters, gráfico PCA y pairplot generados.
2025-06-29 18:08:36,262 - INFO - Visualización de perfiles de clusters, gráfico PCA y pairplot generados.
2025-06-29 18:24:52,644 - INFO - Visualización de perfiles de clusters, gráfico PCA y pairplot generados.
2025-06-29 18:26:21,761 - INFO - Snowflake Connector for Python Version: 3.15.0, Python Version: 3.10.11, Platform: Windows-10-10.0.19045-SP0
2025-06-29 18:26:21,765 - INFO - Connecting to GLOBAL Snowflake domain
2025-06-29 18:26:22,922 - INFO - Conexión a Snowflake exitosa
2025-06-29 18:27:32,449 - INFO - Visualización de perfiles de clusters, gráfico PCA y pairplot generados.
2025-06-29 18:29:52,024 - INFO - Visualización de perfiles de clusters, gráfico PCA y pairplot generados.
2025-06-29 18:52:15,124 - INFO - Snowflake Connector for Python Version: 3.15.0, Python Version: 3.10.11, Platform: Windows-10-10.0.19045-SP0
2025-06-29 18:52:15,128 - INFO - Connecting to GLOBAL Snowflake domain
2025-06-29 18:52:16,118 - INFO - Conexión a Snowflake exitosa
2025-06-29 18:52:18,913 - INFO - Datos cargados: 2000 registros
2025-06-29 18:52:20,322 - INFO - Datos preprocesados, escalados y transformados con PCA. Componentes seleccionados: 2 (PC1 y PC2)
2025-06-29 18:52:22,995 - INFO - Número óptimo de clusters seleccionado: 9
2025-06-29 18:52:23,725 - INFO - Métricas del modelo: Silhouette Score=0.312, Davies-Bouldin Score=0.900, Mean Squared Distance=1.290, Quality=Aceptable
2025-06-29 18:52:24,649 - INFO - Snowflake Connector for Python Version: 3.15.0, Python Version: 3.10.11, Platform: Windows-10-10.0.19045-SP0
2025-06-29 18:52:24,652 - INFO - Connecting to GLOBAL Snowflake domain
2025-06-29 18:52:25,280 - INFO - Conexión a Snowflake exitosa
2025-06-29 18:52:50,655 - INFO - Visualización de perfiles de clusters, gráfico PCA y pairplot generados.
2025-06-29 18:52:50,731 - INFO - Snowflake Connector for Python Version: 3.15.0, Python Version: 3.10.11, Platform: Windows-10-10.0.19045-SP0
2025-06-29 18:52:50,735 - INFO - Connecting to GLOBAL Snowflake domain
2025-06-29 18:52:52,427 - INFO - Conexión a Snowflake exitosa
