2025-05-22 21:58:42,910 - INFO - Conexión a la base de datos exitosa
2025-05-22 21:58:43,955 - INFO - Datos cargados: 318 registros
2025-05-22 21:58:44,969 - WARNING - Outliers detectados en Finance: 3 puntos
2025-05-22 21:58:45,257 - WARNING - Outliers detectados en HR: 8 puntos
2025-05-22 21:58:45,274 - WARNING - Datos no estacionarios para Inventory, aplicando transformaciones
2025-05-22 21:58:45,381 - INFO - Diferenciación aplicada para Inventory, datos ahora estacionarios
2025-05-22 21:58:46,246 - WARNING - Outliers detectados en Inventory: 5 puntos
2025-05-22 21:58:46,311 - WARNING - Outliers detectados en IT: 5 puntos
2025-05-22 21:58:46,405 - WARNING - Outliers detectados en Marketing: 5 puntos
2025-05-22 21:58:46,472 - WARNING - Outliers detectados en Sales: 3 puntos
2025-05-22 21:59:55,277 - INFO - Período estacional detectado: 8
2025-05-22 21:59:56,419 - INFO - Período estacional detectado: 2
2025-05-22 22:00:41,456 - INFO - Conexión a la base de datos exitosa
2025-05-22 22:00:42,097 - INFO - Datos cargados: 318 registros
2025-05-22 22:00:42,180 - WARNING - Outliers detectados en Finance: 3 puntos
2025-05-22 22:00:42,241 - WARNING - Outliers detectados en HR: 8 puntos
2025-05-22 22:00:42,287 - WARNING - Datos no estacionarios para Inventory, aplicando transformaciones
2025-05-22 22:00:42,307 - INFO - Diferenciación aplicada para Inventory, datos ahora estacionarios
2025-05-22 22:00:42,337 - WARNING - Outliers detectados en Inventory: 5 puntos
2025-05-22 22:00:42,468 - WARNING - Outliers detectados en IT: 5 puntos
2025-05-22 22:00:42,557 - WARNING - Outliers detectados en Marketing: 5 puntos
2025-05-22 22:00:42,646 - WARNING - Outliers detectados en Sales: 3 puntos
2025-05-22 22:06:33,415 - INFO - Conexión a la base de datos exitosa
2025-05-22 22:06:33,674 - INFO - Datos cargados: 318 registros
2025-05-22 22:06:33,726 - WARNING - Outliers detectados en Finance: 3 puntos
2025-05-22 22:06:33,847 - WARNING - Outliers detectados en HR: 8 puntos
2025-05-22 22:06:33,920 - WARNING - Outliers detectados en Inventory: 7 puntos
2025-05-22 22:06:33,991 - WARNING - Outliers detectados en IT: 5 puntos
2025-05-22 22:06:34,099 - WARNING - Outliers detectados en Marketing: 5 puntos
2025-05-22 22:06:34,162 - WARNING - Outliers detectados en Sales: 3 puntos
2025-05-22 22:07:01,537 - INFO - Período estacional detectado: 8
2025-05-22 22:07:03,519 - INFO - Período estacional detectado: 2
2025-05-22 22:07:04,463 - INFO - Período estacional detectado: 10
2025-05-22 22:07:05,391 - INFO - Período estacional detectado: 1
2025-05-22 22:07:06,410 - INFO - Período estacional detectado: 1
2025-05-22 22:07:07,485 - INFO - Período estacional detectado: 1
2025-05-22 22:07:47,219 - INFO - Período estacional detectado: 8
2025-05-22 22:07:58,083 - INFO - Período estacional detectado: 2
2025-05-22 22:08:08,045 - INFO - Período estacional detectado: 10
2025-05-22 22:08:15,626 - WARNING - Residuos no son ruido blanco (p-valor=0.0022)
2025-05-22 22:08:15,628 - INFO - Reintentando con parámetros más amplios para Inventory
2025-05-22 22:09:51,253 - WARNING - Residuos no son ruido blanco (p-valor=0.0022)
2025-05-22 22:09:51,255 - ERROR - No se encontró un modelo válido para Inventory
2025-05-22 22:09:51,258 - ERROR - Error entrenando modelo para Inventory: No se encontró un modelo con residuos válidos
2025-05-22 22:09:51,263 - INFO - Período estacional detectado: 1
2025-05-22 22:09:52,513 - WARNING - Residuos no son ruido blanco (p-valor=0.0318)
2025-05-22 22:09:52,515 - INFO - Reintentando con parámetros más amplios para IT
2025-05-22 22:09:59,954 - ERROR - Error entrenando modelo para IT: Seasonal periodicity must be greater than 1.
2025-05-22 22:09:59,962 - INFO - Período estacional detectado: 1
2025-05-22 22:10:02,956 - INFO - Período estacional detectado: 1
2025-05-22 22:25:05,350 - INFO - Conexión a la base de datos exitosa
2025-05-22 22:25:05,715 - INFO - Datos cargados: 318 registros
2025-05-22 22:25:05,778 - WARNING - Outliers detectados en Finance: 3 puntos
2025-05-22 22:25:05,895 - WARNING - Outliers detectados en HR: 8 puntos
2025-05-22 22:25:06,050 - WARNING - Outliers detectados en Inventory: 7 puntos
2025-05-22 22:25:06,126 - WARNING - Outliers detectados en IT: 5 puntos
2025-05-22 22:25:06,259 - WARNING - Outliers detectados en Marketing: 5 puntos
2025-05-22 22:25:06,350 - WARNING - Outliers detectados en Sales: 3 puntos
2025-05-22 22:25:50,646 - INFO - Conexión a la base de datos exitosa
2025-05-22 22:25:50,995 - INFO - Datos cargados: 318 registros
2025-05-22 22:25:51,084 - WARNING - Outliers detectados en Finance: 3 puntos
2025-05-22 22:25:51,247 - WARNING - Outliers detectados en HR: 8 puntos
2025-05-22 22:25:51,488 - WARNING - Outliers detectados en Inventory: 7 puntos
2025-05-22 22:25:51,701 - WARNING - Outliers detectados en IT: 5 puntos
2025-05-22 22:25:52,032 - WARNING - Outliers detectados en Marketing: 5 puntos
2025-05-22 22:25:52,300 - WARNING - Outliers detectados en Sales: 3 puntos
2025-05-22 22:26:26,565 - INFO - Período estacional detectado: 8
2025-05-22 22:26:27,607 - INFO - Período estacional detectado: 2
2025-05-22 22:26:29,126 - INFO - Período estacional detectado: 10
2025-05-22 22:26:30,571 - INFO - Período estacional detectado: 1
2025-05-22 22:26:31,594 - INFO - Período estacional detectado: 1
2025-05-22 22:26:33,062 - INFO - Período estacional detectado: 1
2025-05-22 22:27:15,072 - INFO - Período estacional detectado: 8
2025-05-22 22:27:23,003 - WARNING - Error en validación cruzada: 'SARIMAXResults' object has no attribute 'order'
2025-05-22 22:27:23,007 - WARNING - Error en validación cruzada: 'SARIMAXResults' object has no attribute 'order'
2025-05-22 22:27:23,009 - WARNING - Error en validación cruzada: 'SARIMAXResults' object has no attribute 'order'
2025-05-22 22:27:23,011 - WARNING - Error en validación cruzada: 'SARIMAXResults' object has no attribute 'order'
2025-05-22 22:27:23,013 - WARNING - Error en validación cruzada: 'SARIMAXResults' object has no attribute 'order'
2025-05-22 22:27:23,020 - INFO - Período estacional detectado: 2
2025-05-22 22:27:29,749 - WARNING - Error en validación cruzada: 'SARIMAXResults' object has no attribute 'order'
2025-05-22 22:27:29,756 - WARNING - Error en validación cruzada: 'SARIMAXResults' object has no attribute 'order'
2025-05-22 22:27:29,761 - WARNING - Error en validación cruzada: 'SARIMAXResults' object has no attribute 'order'
2025-05-22 22:27:29,765 - WARNING - Error en validación cruzada: 'SARIMAXResults' object has no attribute 'order'
2025-05-22 22:27:29,780 - WARNING - Error en validación cruzada: 'SARIMAXResults' object has no attribute 'order'
2025-05-22 22:27:29,842 - INFO - Período estacional detectado: 10
2025-05-22 22:27:35,319 - WARNING - Residuos no son ruido blanco (p-valor=0.0022)
2025-05-22 22:27:35,321 - INFO - Reintentando con parámetros más amplios para Inventory
2025-05-22 22:29:01,556 - WARNING - Residuos no son ruido blanco (p-valor=0.0022)
2025-05-22 22:29:01,558 - WARNING - SARIMA no válido para Inventory, usando Holt
2025-05-22 22:29:02,015 - INFO - Período estacional detectado: 1
2025-05-22 22:29:05,211 - WARNING - Residuos no son ruido blanco (p-valor=0.0318)
2025-05-22 22:29:05,214 - INFO - Reintentando con parámetros más amplios para IT
2025-05-22 22:29:13,990 - WARNING - Error entrenando SARIMA para IT: Seasonal periodicity must be greater than 1., usando Holt
2025-05-22 22:29:14,441 - INFO - Período estacional detectado: 1
2025-05-22 22:29:16,686 - WARNING - Error en validación cruzada: 'SARIMAXResults' object has no attribute 'order'
2025-05-22 22:29:16,692 - WARNING - Error en validación cruzada: 'SARIMAXResults' object has no attribute 'order'
2025-05-22 22:29:16,735 - WARNING - Error en validación cruzada: 'SARIMAXResults' object has no attribute 'order'
2025-05-22 22:29:16,741 - WARNING - Error en validación cruzada: 'SARIMAXResults' object has no attribute 'order'
2025-05-22 22:29:16,758 - WARNING - Error en validación cruzada: 'SARIMAXResults' object has no attribute 'order'
2025-05-22 22:29:16,925 - INFO - Período estacional detectado: 1
2025-05-22 22:29:23,706 - WARNING - Error en validación cruzada: 'SARIMAXResults' object has no attribute 'order'
2025-05-22 22:29:23,714 - WARNING - Error en validación cruzada: 'SARIMAXResults' object has no attribute 'order'
2025-05-22 22:29:23,717 - WARNING - Error en validación cruzada: 'SARIMAXResults' object has no attribute 'order'
2025-05-22 22:29:23,722 - WARNING - Error en validación cruzada: 'SARIMAXResults' object has no attribute 'order'
2025-05-22 22:29:23,727 - WARNING - Error en validación cruzada: 'SARIMAXResults' object has no attribute 'order'
2025-05-22 22:30:55,273 - INFO - Período estacional detectado: 8
2025-05-22 22:31:07,904 - INFO - Período estacional detectado: 2
2025-05-22 22:31:17,895 - INFO - Período estacional detectado: 10
2025-05-22 22:31:24,970 - WARNING - Residuos no son ruido blanco para Inventory (p-valor=0.0022)
2025-05-22 22:31:24,974 - INFO - Reintentando con parámetros más amplios para Inventory
2025-05-22 22:32:55,993 - WARNING - Residuos no son ruido blanco para Inventory (p-valor=0.0022)
2025-05-22 22:32:56,003 - WARNING - SARIMA no válido para Inventory, usando Holt
2025-05-22 22:32:56,528 - INFO - Período estacional detectado: 1
2025-05-22 22:32:57,645 - WARNING - Residuos no son ruido blanco para IT (p-valor=0.0318)
2025-05-22 22:32:57,647 - INFO - Reintentando con parámetros más amplios para IT
2025-05-22 22:33:07,067 - WARNING - Error entrenando SARIMA para IT: Seasonal periodicity must be greater than 1., usando Holt
2025-05-22 22:33:07,455 - INFO - Período estacional detectado: 1
2025-05-22 22:33:11,638 - INFO - Período estacional detectado: 1
2025-05-22 22:33:51,858 - ERROR - Error generando predicciones: 'HoltWintersResults' object has no attribute 'get_forecast'
2025-05-22 22:33:51,866 - ERROR - Error generando predicciones: 'HoltWintersResults' object has no attribute 'get_forecast'
2025-05-22 22:35:00,365 - INFO - Predicciones generadas para SARIMA model
2025-05-22 22:35:00,443 - INFO - Predicciones generadas para SARIMA model
2025-05-22 22:35:00,564 - INFO - Predicciones generadas para HOLT model
2025-05-22 22:35:00,740 - INFO - Predicciones generadas para HOLT model
2025-05-22 22:35:00,863 - INFO - Predicciones generadas para SARIMA model
2025-05-22 22:35:00,995 - INFO - Predicciones generadas para SARIMA model
2025-05-22 22:37:54,726 - INFO - Conexión a la base de datos exitosa
2025-05-22 22:40:17,507 - INFO - Conexión a la base de datos exitosa
2025-05-22 22:40:19,092 - INFO - Predicciones y métricas guardadas exitosamente
2025-05-22 22:40:21,932 - INFO - Conexión a la base de datos exitosa
2025-05-22 23:21:49,290 - INFO - Conexión a la base de datos exitosa
2025-05-22 23:21:53,350 - INFO - Datos cargados: 318 registros
2025-05-22 23:21:55,341 - WARNING - Outliers detectados en Finance: 3 puntos
2025-05-22 23:21:55,986 - WARNING - Outliers detectados en HR: 8 puntos
2025-05-22 23:21:56,051 - WARNING - Outliers detectados en Inventory: 7 puntos
2025-05-22 23:21:56,121 - WARNING - Outliers detectados en IT: 5 puntos
2025-05-22 23:21:56,179 - WARNING - Outliers detectados en Marketing: 5 puntos
2025-05-22 23:21:56,268 - WARNING - Outliers detectados en Sales: 3 puntos
2025-05-22 23:22:09,178 - INFO - Período estacional detectado: 8
2025-05-22 23:22:10,978 - INFO - Período estacional detectado: 2
2025-05-22 23:22:12,877 - INFO - Período estacional detectado: 10
2025-05-22 23:22:14,079 - INFO - Período estacional detectado: 1
2025-05-22 23:22:15,309 - INFO - Período estacional detectado: 1
2025-05-22 23:22:16,202 - INFO - Período estacional detectado: 1
2025-05-22 23:22:17,023 - INFO - Período estacional detectado: 8
2025-05-22 23:22:28,470 - INFO - Período estacional detectado: 2
2025-05-22 23:22:32,581 - INFO - Período estacional detectado: 10
2025-05-22 23:22:36,168 - WARNING - Residuos no son ruido blanco para Inventory (p-valor=0.0022)
2025-05-22 23:22:36,173 - INFO - Reintentando con parámetros más amplios para Inventory
2025-05-22 23:23:45,166 - WARNING - Residuos no son ruido blanco para Inventory (p-valor=0.0022)
2025-05-22 23:23:45,168 - WARNING - SARIMA no válido para Inventory, usando Holt
2025-05-22 23:23:45,491 - INFO - Período estacional detectado: 1
2025-05-22 23:23:46,366 - WARNING - Residuos no son ruido blanco para IT (p-valor=0.0318)
2025-05-22 23:23:46,368 - INFO - Reintentando con parámetros más amplios para IT
2025-05-22 23:23:51,723 - WARNING - Error entrenando SARIMA para IT: Seasonal periodicity must be greater than 1., usando Holt
2025-05-22 23:23:52,067 - INFO - Período estacional detectado: 1
2025-05-22 23:23:54,098 - INFO - Período estacional detectado: 1
2025-05-22 23:24:01,336 - INFO - Predicciones generadas para SARIMA model
2025-05-22 23:24:01,380 - INFO - Predicciones generadas para SARIMA model
2025-05-22 23:24:01,467 - INFO - Predicciones generadas para HOLT model
2025-05-22 23:24:01,497 - INFO - Predicciones generadas para HOLT model
2025-05-22 23:24:01,527 - INFO - Predicciones generadas para SARIMA model
2025-05-22 23:24:01,560 - INFO - Predicciones generadas para SARIMA model
2025-05-22 23:24:03,210 - INFO - Conexión a la base de datos exitosa
2025-05-22 23:24:03,609 - INFO - Predicciones y métricas guardadas exitosamente
2025-05-22 23:24:03,706 - INFO - Conexión a la base de datos exitosa
2025-05-22 23:34:20,817 - INFO - Conexión a la base de datos exitosa
2025-05-22 23:34:20,890 - INFO - Datos cargados: 318 registros
2025-05-22 23:34:20,906 - WARNING - Outliers detectados en Finance: 8 puntos
2025-05-22 23:34:20,992 - ERROR - Error en procesamiento: "None of [DatetimeIndex(['2024-05-19', '2024-05-26', '2024-06-02', '2024-06-09',\n               '2024-06-16', '2024-06-23', '2024-06-30', '2024-07-07',\n               '2024-07-14', '2024-07-21', '2024-07-28', '2024-08-04',\n               '2024-08-11', '2024-08-18', '2024-08-25', '2024-09-01',\n               '2024-09-08', '2024-09-15', '2024-09-22', '2024-09-29',\n               '2024-10-06', '2024-10-13', '2024-10-20', '2024-10-27',\n               '2024-11-03', '2024-11-10', '2024-11-17', '2024-11-24',\n               '2024-12-01', '2024-12-08', '2024-12-15', '2024-12-22',\n               '2024-12-29', '2025-01-05', '2025-01-12', '2025-01-19',\n               '2025-01-26', '2025-02-02', '2025-02-09', '2025-02-16',\n               '2025-02-23', '2025-03-02', '2025-03-09', '2025-03-16',\n               '2025-03-23', '2025-03-30', '2025-04-06', '2025-04-13',\n               '2025-04-20', '2025-04-27', '2025-05-04', '2025-05-11',\n               '2025-05-18'],\n              dtype='datetime64[ns]', name='work_date', freq=None)] are in the [index]"
2025-05-22 23:35:08,309 - INFO - Período estacional detectado: 8
2025-05-22 23:35:09,240 - INFO - Período estacional detectado: 2
2025-05-22 23:35:10,352 - INFO - Período estacional detectado: 10
2025-05-22 23:35:11,281 - INFO - Período estacional detectado: 1
2025-05-22 23:35:12,343 - INFO - Período estacional detectado: 1
2025-05-22 23:35:14,812 - INFO - Período estacional detectado: 1
2025-05-22 23:35:22,919 - INFO - Conexión a la base de datos exitosa
2025-05-22 23:35:22,977 - INFO - Datos cargados: 318 registros
2025-05-22 23:35:23,034 - WARNING - Outliers detectados en Finance: 3 puntos
2025-05-22 23:35:23,116 - WARNING - Outliers detectados en HR: 8 puntos
2025-05-22 23:35:23,159 - WARNING - Outliers detectados en Inventory: 7 puntos
2025-05-22 23:35:23,200 - WARNING - Outliers detectados en IT: 5 puntos
2025-05-22 23:35:23,237 - WARNING - Outliers detectados en Marketing: 5 puntos
2025-05-22 23:35:23,287 - WARNING - Outliers detectados en Sales: 3 puntos
2025-05-22 23:36:02,720 - INFO - Conexión a la base de datos exitosa
2025-05-22 23:36:02,797 - INFO - Datos cargados: 318 registros
2025-05-22 23:36:02,818 - WARNING - Outliers detectados en Finance: 8 puntos
2025-05-22 23:36:02,877 - ERROR - Error en procesamiento: "None of [DatetimeIndex(['2024-05-19', '2024-05-26', '2024-06-02', '2024-06-09',\n               '2024-06-16', '2024-06-23', '2024-06-30', '2024-07-07',\n               '2024-07-14', '2024-07-21', '2024-07-28', '2024-08-04',\n               '2024-08-11', '2024-08-18', '2024-08-25', '2024-09-01',\n               '2024-09-08', '2024-09-15', '2024-09-22', '2024-09-29',\n               '2024-10-06', '2024-10-13', '2024-10-20', '2024-10-27',\n               '2024-11-03', '2024-11-10', '2024-11-17', '2024-11-24',\n               '2024-12-01', '2024-12-08', '2024-12-15', '2024-12-22',\n               '2024-12-29', '2025-01-05', '2025-01-12', '2025-01-19',\n               '2025-01-26', '2025-02-02', '2025-02-09', '2025-02-16',\n               '2025-02-23', '2025-03-02', '2025-03-09', '2025-03-16',\n               '2025-03-23', '2025-03-30', '2025-04-06', '2025-04-13',\n               '2025-04-20', '2025-04-27', '2025-05-04', '2025-05-11',\n               '2025-05-18'],\n              dtype='datetime64[ns]', name='work_date', freq=None)] are in the [index]"
2025-05-22 23:37:12,075 - INFO - Conexión a la base de datos exitosa
2025-05-22 23:37:12,190 - INFO - Datos cargados: 318 registros
2025-05-22 23:37:12,253 - WARNING - Outliers detectados en Finance: 3 puntos
2025-05-22 23:37:12,293 - WARNING - Outliers detectados en HR: 8 puntos
2025-05-22 23:37:12,361 - WARNING - Outliers detectados en Inventory: 7 puntos
2025-05-22 23:37:12,414 - WARNING - Outliers detectados en IT: 5 puntos
2025-05-22 23:37:12,498 - WARNING - Outliers detectados en Marketing: 5 puntos
2025-05-22 23:37:12,543 - WARNING - Outliers detectados en Sales: 3 puntos
2025-05-22 23:40:36,232 - INFO - Período estacional detectado: 8
2025-05-22 23:40:47,150 - INFO - Período estacional detectado: 2
2025-05-22 23:40:53,487 - INFO - Período estacional detectado: 10
2025-05-22 23:40:58,248 - WARNING - Residuos no son ruido blanco para Inventory (p-valor=0.0022)
2025-05-22 23:40:58,250 - INFO - Reintentando con parámetros más amplios para Inventory
2025-05-22 23:42:26,037 - WARNING - Residuos no son ruido blanco para Inventory (p-valor=0.0022)
2025-05-22 23:42:26,040 - WARNING - SARIMA no válido para Inventory, usando Holt
2025-05-22 23:42:26,383 - INFO - Período estacional detectado: 1
2025-05-22 23:42:27,744 - WARNING - Residuos no son ruido blanco para IT (p-valor=0.0318)
2025-05-22 23:42:27,749 - INFO - Reintentando con parámetros más amplios para IT
2025-05-22 23:42:36,120 - WARNING - Error entrenando SARIMA para IT: Seasonal periodicity must be greater than 1., usando Holt
2025-05-22 23:42:36,699 - INFO - Período estacional detectado: 1
2025-05-22 23:42:41,505 - INFO - Período estacional detectado: 1
2025-05-22 23:43:07,608 - ERROR - Error generando predicciones para Finance: name 'department_transformations' is not defined
2025-05-22 23:43:07,611 - ERROR - Error generando predicciones para HR: name 'department_transformations' is not defined
2025-05-22 23:43:07,614 - ERROR - Error generando predicciones para Inventory: name 'department_transformations' is not defined
2025-05-22 23:43:07,616 - ERROR - Error generando predicciones para IT: name 'department_transformations' is not defined
2025-05-22 23:43:07,618 - ERROR - Error generando predicciones para Marketing: name 'department_transformations' is not defined
2025-05-22 23:43:07,620 - ERROR - Error generando predicciones para Sales: name 'department_transformations' is not defined
2025-05-22 23:44:14,332 - ERROR - Error generando predicciones para Finance: name 'department_transformations' is not defined
2025-05-22 23:44:14,334 - ERROR - Error generando predicciones para HR: name 'department_transformations' is not defined
2025-05-22 23:44:14,336 - ERROR - Error generando predicciones para Inventory: name 'department_transformations' is not defined
2025-05-22 23:44:14,337 - ERROR - Error generando predicciones para IT: name 'department_transformations' is not defined
2025-05-22 23:44:14,339 - ERROR - Error generando predicciones para Marketing: name 'department_transformations' is not defined
2025-05-22 23:44:14,341 - ERROR - Error generando predicciones para Sales: name 'department_transformations' is not defined
2025-05-22 23:46:59,105 - INFO - Conexión a la base de datos exitosa
2025-05-22 23:46:59,427 - INFO - Datos cargados: 318 registros
2025-05-22 23:46:59,440 - WARNING - Outliers detectados en Finance: 8 puntos
2025-05-22 23:46:59,470 - ERROR - Error en procesamiento: "None of [DatetimeIndex(['2024-05-19', '2024-05-26', '2024-06-02', '2024-06-09',\n               '2024-06-16', '2024-06-23', '2024-06-30', '2024-07-07',\n               '2024-07-14', '2024-07-21', '2024-07-28', '2024-08-04',\n               '2024-08-11', '2024-08-18', '2024-08-25', '2024-09-01',\n               '2024-09-08', '2024-09-15', '2024-09-22', '2024-09-29',\n               '2024-10-06', '2024-10-13', '2024-10-20', '2024-10-27',\n               '2024-11-03', '2024-11-10', '2024-11-17', '2024-11-24',\n               '2024-12-01', '2024-12-08', '2024-12-15', '2024-12-22',\n               '2024-12-29', '2025-01-05', '2025-01-12', '2025-01-19',\n               '2025-01-26', '2025-02-02', '2025-02-09', '2025-02-16',\n               '2025-02-23', '2025-03-02', '2025-03-09', '2025-03-16',\n               '2025-03-23', '2025-03-30', '2025-04-06', '2025-04-13',\n               '2025-04-20', '2025-04-27', '2025-05-04', '2025-05-11',\n               '2025-05-18'],\n              dtype='datetime64[ns]', name='work_date', freq=None)] are in the [index]"
2025-05-22 23:46:59,473 - ERROR - Error ejecutando load_historical_data: "None of [DatetimeIndex(['2024-05-19', '2024-05-26', '2024-06-02', '2024-06-09',\n               '2024-06-16', '2024-06-23', '2024-06-30', '2024-07-07',\n               '2024-07-14', '2024-07-21', '2024-07-28', '2024-08-04',\n               '2024-08-11', '2024-08-18', '2024-08-25', '2024-09-01',\n               '2024-09-08', '2024-09-15', '2024-09-22', '2024-09-29',\n               '2024-10-06', '2024-10-13', '2024-10-20', '2024-10-27',\n               '2024-11-03', '2024-11-10', '2024-11-17', '2024-11-24',\n               '2024-12-01', '2024-12-08', '2024-12-15', '2024-12-22',\n               '2024-12-29', '2025-01-05', '2025-01-12', '2025-01-19',\n               '2025-01-26', '2025-02-02', '2025-02-09', '2025-02-16',\n               '2025-02-23', '2025-03-02', '2025-03-09', '2025-03-16',\n               '2025-03-23', '2025-03-30', '2025-04-06', '2025-04-13',\n               '2025-04-20', '2025-04-27', '2025-05-04', '2025-05-11',\n               '2025-05-18'],\n              dtype='datetime64[ns]', name='work_date', freq=None)] are in the [index]"
2025-05-22 23:49:24,398 - INFO - Conexión a la base de datos exitosa
2025-05-22 23:49:24,661 - INFO - Datos cargados: 318 registros
2025-05-22 23:49:24,671 - INFO - Procesando departamento: Finance
2025-05-22 23:49:24,680 - WARNING - Outliers detectados en Finance: 8 puntos
2025-05-22 23:49:24,727 - INFO - Transformación para Finance: none
2025-05-22 23:49:24,734 - INFO - Procesando departamento: HR
2025-05-22 23:49:24,789 - WARNING - Outliers detectados en HR: 6 puntos
2025-05-22 23:49:24,813 - INFO - Transformación para HR: none
2025-05-22 23:49:24,817 - INFO - Procesando departamento: Inventory
2025-05-22 23:49:24,859 - WARNING - Outliers detectados en Inventory: 6 puntos
2025-05-22 23:49:24,894 - INFO - Transformación para Inventory: none
2025-05-22 23:49:24,897 - INFO - Procesando departamento: IT
2025-05-22 23:49:24,924 - WARNING - Outliers detectados en IT: 7 puntos
2025-05-22 23:49:25,077 - WARNING - Datos no estacionarios para IT, aplicando transformaciones
2025-05-22 23:49:25,101 - INFO - Transformación logarítmica aplicada para IT
2025-05-22 23:49:25,105 - INFO - Transformación para IT: log
2025-05-22 23:49:25,109 - INFO - Procesando departamento: Marketing
2025-05-22 23:49:25,118 - WARNING - Outliers detectados en Marketing: 6 puntos
2025-05-22 23:49:25,224 - INFO - Transformación para Marketing: none
2025-05-22 23:49:25,228 - INFO - Procesando departamento: Sales
2025-05-22 23:49:25,240 - WARNING - Outliers detectados en Sales: 9 puntos
2025-05-22 23:49:25,398 - INFO - Transformación para Sales: none
2025-05-22 23:49:25,402 - INFO - Transformaciones aplicadas: {'Finance': 'none', 'HR': 'none', 'Inventory': 'none', 'IT': 'log', 'Marketing': 'none', 'Sales': 'none'}
2025-05-22 23:49:56,987 - INFO - Período estacional detectado: 8
2025-05-22 23:49:57,992 - INFO - Período estacional detectado: 10
2025-05-22 23:49:59,137 - INFO - Período estacional detectado: 10
2025-05-22 23:49:59,783 - INFO - Período estacional detectado: 2
2025-05-22 23:50:00,529 - INFO - Período estacional detectado: 7
2025-05-22 23:50:01,309 - INFO - Período estacional detectado: 1
2025-05-22 23:50:12,404 - INFO - Período estacional detectado: 8
2025-05-22 23:50:18,981 - WARNING - Residuos no son ruido blanco para Finance (p-valor=0.0074)
2025-05-22 23:50:18,983 - INFO - Reintentando con parámetros más amplios para Finance
2025-05-22 23:51:13,417 - WARNING - Residuos no son ruido blanco para Finance (p-valor=0.0074)
2025-05-22 23:51:13,421 - WARNING - SARIMA no válido para Finance, usando Holt
2025-05-22 23:51:13,708 - INFO - Período estacional detectado: 10
2025-05-22 23:51:18,656 - WARNING - Residuos no son ruido blanco para HR (p-valor=0.0001)
2025-05-22 23:51:18,657 - INFO - Reintentando con parámetros más amplios para HR
2025-05-22 23:52:36,595 - WARNING - Residuos no son ruido blanco para HR (p-valor=0.0001)
2025-05-22 23:52:36,599 - WARNING - SARIMA no válido para HR, usando Holt
2025-05-22 23:52:36,820 - INFO - Período estacional detectado: 10
2025-05-22 23:52:40,877 - WARNING - Residuos no son ruido blanco para Inventory (p-valor=0.0017)
2025-05-22 23:52:40,879 - INFO - Reintentando con parámetros más amplios para Inventory
2025-05-22 23:53:56,051 - WARNING - Residuos no son ruido blanco para Inventory (p-valor=0.0017)
2025-05-22 23:53:56,053 - WARNING - SARIMA no válido para Inventory, usando Holt
2025-05-22 23:53:56,269 - INFO - Período estacional detectado: 2
2025-05-22 23:54:01,857 - WARNING - Residuos no son ruido blanco para IT (p-valor=0.0010)
2025-05-22 23:54:01,860 - INFO - Reintentando con parámetros más amplios para IT
2025-05-22 23:54:27,210 - WARNING - Residuos no son ruido blanco para IT (p-valor=0.0010)
2025-05-22 23:54:27,212 - WARNING - SARIMA no válido para IT, usando Holt
2025-05-22 23:54:27,480 - INFO - Período estacional detectado: 7
2025-05-22 23:54:34,102 - WARNING - Residuos no son ruido blanco para Marketing (p-valor=0.0000)
2025-05-22 23:54:34,104 - INFO - Reintentando con parámetros más amplios para Marketing
2025-05-22 23:55:24,971 - WARNING - Residuos no son ruido blanco para Marketing (p-valor=0.0000)
2025-05-22 23:55:24,976 - WARNING - SARIMA no válido para Marketing, usando Holt
2025-05-22 23:55:25,378 - INFO - Período estacional detectado: 1
2025-05-22 23:55:37,634 - INFO - Predicciones generadas para HOLT model
2025-05-22 23:55:37,665 - INFO - Predicciones generadas para HOLT model
2025-05-22 23:55:37,713 - INFO - Predicciones generadas para HOLT model
2025-05-22 23:55:37,745 - INFO - Predicciones generadas para HOLT model
2025-05-22 23:55:37,800 - INFO - Predicciones generadas para HOLT model
2025-05-22 23:55:37,856 - INFO - Predicciones generadas para SARIMA model
2025-05-22 23:59:39,484 - WARNING - No se entrenó modelo para Finance
2025-05-22 23:59:39,487 - WARNING - No se entrenó modelo para HR
2025-05-22 23:59:39,489 - WARNING - No se entrenó modelo para Inventory
2025-05-22 23:59:39,491 - WARNING - No se entrenó modelo para IT
2025-05-22 23:59:39,494 - WARNING - No se entrenó modelo para Marketing
2025-05-22 23:59:39,499 - WARNING - No se entrenó modelo para Sales
2025-05-22 23:59:39,502 - INFO - Modelos entrenados: []
2025-05-23 00:01:20,417 - INFO - Período estacional detectado: 8
2025-05-23 00:01:27,484 - WARNING - Residuos no son ruido blanco (p-valor=0.0074)
2025-05-23 00:01:27,486 - INFO - Reintentando con parámetros más amplios para Finance
2025-05-23 00:02:30,208 - WARNING - Residuos no son ruido blanco (p-valor=0.0074)
2025-05-23 00:02:30,210 - WARNING - SARIMA no válido para Finance, usando Holt
2025-05-23 00:02:30,469 - INFO - Período estacional detectado: 10
2025-05-23 00:02:34,305 - WARNING - Residuos no son ruido blanco (p-valor=0.0001)
2025-05-23 00:02:34,308 - INFO - Reintentando con parámetros más amplios para HR
2025-05-23 00:03:47,379 - WARNING - Residuos no son ruido blanco (p-valor=0.0001)
2025-05-23 00:03:47,381 - WARNING - SARIMA no válido para HR, usando Holt
2025-05-23 00:03:47,651 - INFO - Período estacional detectado: 10
2025-05-23 00:03:52,261 - WARNING - Residuos no son ruido blanco (p-valor=0.0017)
2025-05-23 00:03:52,263 - INFO - Reintentando con parámetros más amplios para Inventory
2025-05-23 00:05:23,189 - INFO - Conexión a la base de datos exitosa
2025-05-23 00:05:24,087 - INFO - Datos cargados: 318 registros
2025-05-23 00:05:24,096 - WARNING - Outliers detectados en Finance: 8 puntos
2025-05-23 00:05:24,116 - ERROR - Error en procesamiento: "None of [DatetimeIndex(['2024-05-19', '2024-05-26', '2024-06-02', '2024-06-09',\n               '2024-06-16', '2024-06-23', '2024-06-30', '2024-07-07',\n               '2024-07-14', '2024-07-21', '2024-07-28', '2024-08-04',\n               '2024-08-11', '2024-08-18', '2024-08-25', '2024-09-01',\n               '2024-09-08', '2024-09-15', '2024-09-22', '2024-09-29',\n               '2024-10-06', '2024-10-13', '2024-10-20', '2024-10-27',\n               '2024-11-03', '2024-11-10', '2024-11-17', '2024-11-24',\n               '2024-12-01', '2024-12-08', '2024-12-15', '2024-12-22',\n               '2024-12-29', '2025-01-05', '2025-01-12', '2025-01-19',\n               '2025-01-26', '2025-02-02', '2025-02-09', '2025-02-16',\n               '2025-02-23', '2025-03-02', '2025-03-09', '2025-03-16',\n               '2025-03-23', '2025-03-30', '2025-04-06', '2025-04-13',\n               '2025-04-20', '2025-04-27', '2025-05-04', '2025-05-11',\n               '2025-05-18'],\n              dtype='datetime64[ns]', name='work_date', freq=None)] are in the [index]"
2025-05-23 00:05:24,118 - ERROR - Error ejecutando load_historical_data: "None of [DatetimeIndex(['2024-05-19', '2024-05-26', '2024-06-02', '2024-06-09',\n               '2024-06-16', '2024-06-23', '2024-06-30', '2024-07-07',\n               '2024-07-14', '2024-07-21', '2024-07-28', '2024-08-04',\n               '2024-08-11', '2024-08-18', '2024-08-25', '2024-09-01',\n               '2024-09-08', '2024-09-15', '2024-09-22', '2024-09-29',\n               '2024-10-06', '2024-10-13', '2024-10-20', '2024-10-27',\n               '2024-11-03', '2024-11-10', '2024-11-17', '2024-11-24',\n               '2024-12-01', '2024-12-08', '2024-12-15', '2024-12-22',\n               '2024-12-29', '2025-01-05', '2025-01-12', '2025-01-19',\n               '2025-01-26', '2025-02-02', '2025-02-09', '2025-02-16',\n               '2025-02-23', '2025-03-02', '2025-03-09', '2025-03-16',\n               '2025-03-23', '2025-03-30', '2025-04-06', '2025-04-13',\n               '2025-04-20', '2025-04-27', '2025-05-04', '2025-05-11',\n               '2025-05-18'],\n              dtype='datetime64[ns]', name='work_date', freq=None)] are in the [index]"
2025-05-23 00:05:37,267 - INFO - Conexión a la base de datos exitosa
2025-05-23 00:05:37,390 - INFO - Datos cargados: 318 registros
2025-05-23 00:05:37,506 - WARNING - Outliers detectados en Finance: 3 puntos
2025-05-23 00:05:37,595 - WARNING - Outliers detectados en HR: 8 puntos
2025-05-23 00:05:37,632 - WARNING - Datos no estacionarios para Inventory, aplicando transformaciones
2025-05-23 00:05:37,698 - INFO - Diferenciación aplicada para Inventory, datos ahora estacionarios
2025-05-23 00:05:37,737 - WARNING - Outliers detectados en Inventory: 5 puntos
2025-05-23 00:05:37,815 - WARNING - Outliers detectados en IT: 5 puntos
2025-05-23 00:05:37,898 - WARNING - Outliers detectados en Marketing: 5 puntos
2025-05-23 00:05:38,006 - WARNING - Outliers detectados en Sales: 3 puntos
2025-05-23 00:05:53,412 - INFO - Conexión a la base de datos exitosa
2025-05-23 00:05:53,516 - INFO - Datos cargados: 318 registros
2025-05-23 00:05:53,628 - WARNING - Outliers detectados en Finance: 3 puntos
2025-05-23 00:05:53,757 - WARNING - Outliers detectados en HR: 8 puntos
2025-05-23 00:05:53,801 - WARNING - Datos no estacionarios para Inventory, aplicando transformaciones
2025-05-23 00:05:53,826 - INFO - Diferenciación aplicada para Inventory, datos ahora estacionarios
2025-05-23 00:05:53,968 - WARNING - Outliers detectados en Inventory: 5 puntos
2025-05-23 00:05:54,054 - WARNING - Outliers detectados en IT: 5 puntos
2025-05-23 00:05:54,145 - WARNING - Outliers detectados en Marketing: 5 puntos
2025-05-23 00:05:54,354 - WARNING - Outliers detectados en Sales: 3 puntos
2025-05-23 00:06:39,660 - INFO - Conexión a la base de datos exitosa
2025-05-23 00:06:39,753 - INFO - Datos cargados: 318 registros
2025-05-23 00:06:39,815 - WARNING - Outliers detectados en Inventory:
     work_date department  total_overtime
212 2025-01-19  Inventory           14.71
290 2025-04-20  Inventory           17.93
2025-05-23 00:06:39,962 - WARNING - Outliers detectados en IT:
     work_date department  total_overtime
303 2025-05-04         IT           19.78
2025-05-23 00:06:39,993 - WARNING - Outliers detectados en Marketing:
     work_date department  total_overtime
286 2025-04-13  Marketing           20.43
2025-05-23 00:08:31,335 - INFO - Período estacional detectado: 8
2025-05-23 00:08:32,926 - INFO - Período estacional detectado: 3
2025-05-23 00:08:34,219 - INFO - Período estacional detectado: 9
2025-05-23 00:08:35,834 - INFO - Período estacional detectado: 7
2025-05-23 00:08:36,954 - INFO - Período estacional detectado: 6
2025-05-23 00:08:37,904 - INFO - Período estacional detectado: 1
2025-05-23 00:08:51,149 - INFO - Período estacional detectado: 8
2025-05-23 00:08:57,542 - WARNING - Error en validación cruzada: 'SARIMAXResults' object has no attribute 'order'
2025-05-23 00:08:57,546 - WARNING - Error en validación cruzada: 'SARIMAXResults' object has no attribute 'order'
2025-05-23 00:08:57,548 - WARNING - Error en validación cruzada: 'SARIMAXResults' object has no attribute 'order'
2025-05-23 00:08:57,550 - WARNING - Error en validación cruzada: 'SARIMAXResults' object has no attribute 'order'
2025-05-23 00:08:57,552 - WARNING - Error en validación cruzada: 'SARIMAXResults' object has no attribute 'order'
2025-05-23 00:08:57,557 - INFO - Período estacional detectado: 3
2025-05-23 00:09:09,986 - WARNING - Error en validación cruzada: 'SARIMAXResults' object has no attribute 'order'
2025-05-23 00:09:09,989 - WARNING - Error en validación cruzada: 'SARIMAXResults' object has no attribute 'order'
2025-05-23 00:09:09,991 - WARNING - Error en validación cruzada: 'SARIMAXResults' object has no attribute 'order'
2025-05-23 00:09:09,995 - WARNING - Error en validación cruzada: 'SARIMAXResults' object has no attribute 'order'
2025-05-23 00:09:10,001 - WARNING - Error en validación cruzada: 'SARIMAXResults' object has no attribute 'order'
2025-05-23 00:09:10,006 - INFO - Período estacional detectado: 9
2025-05-23 00:09:16,955 - WARNING - Residuos no son ruido blanco (p-valor=0.0006)
2025-05-23 00:09:16,957 - INFO - Reintentando con parámetros más amplios para Inventory
2025-05-23 00:10:32,826 - WARNING - Residuos no son ruido blanco (p-valor=0.0006)
2025-05-23 00:10:32,830 - WARNING - SARIMA no válido para Inventory, usando Holt
2025-05-23 00:10:33,152 - INFO - Período estacional detectado: 7
2025-05-23 00:10:38,668 - WARNING - Residuos no son ruido blanco (p-valor=0.0000)
2025-05-23 00:10:38,671 - INFO - Reintentando con parámetros más amplios para IT
2025-05-23 00:11:43,181 - WARNING - Residuos no son ruido blanco (p-valor=0.0034)
2025-05-23 00:11:43,184 - WARNING - SARIMA no válido para IT, usando Holt
2025-05-23 00:11:43,665 - INFO - Período estacional detectado: 6
2025-05-23 00:11:51,257 - WARNING - Error en validación cruzada: 'SARIMAXResults' object has no attribute 'order'
2025-05-23 00:11:51,260 - WARNING - Error en validación cruzada: 'SARIMAXResults' object has no attribute 'order'
2025-05-23 00:11:51,262 - WARNING - Error en validación cruzada: 'SARIMAXResults' object has no attribute 'order'
2025-05-23 00:11:51,267 - WARNING - Error en validación cruzada: 'SARIMAXResults' object has no attribute 'order'
2025-05-23 00:11:51,270 - WARNING - Error en validación cruzada: 'SARIMAXResults' object has no attribute 'order'
2025-05-23 00:11:51,276 - INFO - Período estacional detectado: 1
2025-05-23 00:11:57,491 - WARNING - Error en validación cruzada: 'SARIMAXResults' object has no attribute 'order'
2025-05-23 00:11:57,559 - WARNING - Error en validación cruzada: 'SARIMAXResults' object has no attribute 'order'
2025-05-23 00:11:57,562 - WARNING - Error en validación cruzada: 'SARIMAXResults' object has no attribute 'order'
2025-05-23 00:11:57,567 - WARNING - Error en validación cruzada: 'SARIMAXResults' object has no attribute 'order'
2025-05-23 00:11:57,571 - WARNING - Error en validación cruzada: 'SARIMAXResults' object has no attribute 'order'
2025-05-23 00:12:23,785 - INFO - Período estacional detectado: 8
2025-05-23 00:12:29,991 - INFO - Período estacional detectado: 3
2025-05-23 00:12:42,116 - INFO - Período estacional detectado: 9
2025-05-23 00:12:49,300 - WARNING - Residuos no son ruido blanco para Inventory (p-valor=0.0006)
2025-05-23 00:12:49,302 - INFO - Reintentando con parámetros más amplios para Inventory
2025-05-23 00:13:50,502 - WARNING - Residuos no son ruido blanco para Inventory (p-valor=0.0006)
2025-05-23 00:13:50,504 - WARNING - SARIMA no válido para Inventory, usando Holt
2025-05-23 00:13:50,791 - INFO - Período estacional detectado: 7
2025-05-23 00:13:54,857 - WARNING - Residuos no son ruido blanco para IT (p-valor=0.0000)
2025-05-23 00:13:54,859 - INFO - Reintentando con parámetros más amplios para IT
2025-05-23 00:14:46,718 - WARNING - Residuos no son ruido blanco para IT (p-valor=0.0034)
2025-05-23 00:14:46,720 - WARNING - SARIMA no válido para IT, usando Holt
2025-05-23 00:14:46,955 - INFO - Período estacional detectado: 6
2025-05-23 00:14:52,171 - INFO - Período estacional detectado: 1
2025-05-23 00:15:19,914 - INFO - Predicciones generadas para SARIMA model
2025-05-23 00:15:19,965 - INFO - Predicciones generadas para SARIMA model
2025-05-23 00:15:20,043 - INFO - Predicciones generadas para HOLT model
2025-05-23 00:15:20,147 - INFO - Predicciones generadas para HOLT model
2025-05-23 00:15:20,232 - INFO - Predicciones generadas para SARIMA model
2025-05-23 00:15:20,363 - INFO - Predicciones generadas para SARIMA model
2025-05-23 00:15:44,811 - INFO - Conexión a la base de datos exitosa
2025-05-23 00:15:45,442 - INFO - Predicciones y métricas guardadas exitosamente
2025-05-23 00:15:45,585 - INFO - Conexión a la base de datos exitosa
2025-05-23 00:19:49,688 - INFO - Conexión a la base de datos exitosa
2025-05-23 00:19:50,427 - INFO - Predicciones y métricas guardadas exitosamente
2025-05-23 00:19:50,647 - INFO - Conexión a la base de datos exitosa
2025-05-23 00:22:22,153 - INFO - Predicciones generadas para SARIMA model
2025-05-23 00:22:22,216 - INFO - Predicciones generadas para SARIMA model
2025-05-23 00:22:22,261 - INFO - Predicciones generadas para HOLT model
2025-05-23 00:22:22,317 - INFO - Predicciones generadas para HOLT model
2025-05-23 00:22:22,436 - INFO - Predicciones generadas para SARIMA model
2025-05-23 00:22:22,500 - INFO - Predicciones generadas para SARIMA model
2025-05-23 00:23:32,364 - INFO - Predicciones generadas para SARIMA model
2025-05-23 00:23:32,503 - INFO - Predicciones generadas para SARIMA model
2025-05-23 00:23:32,599 - INFO - Predicciones generadas para HOLT model
2025-05-23 00:23:32,742 - INFO - Predicciones generadas para HOLT model
2025-05-23 00:23:32,784 - INFO - Predicciones generadas para SARIMA model
2025-05-23 00:23:32,913 - INFO - Predicciones generadas para SARIMA model
2025-05-23 00:24:08,272 - INFO - Conexión a la base de datos exitosa
2025-05-23 00:24:08,330 - INFO - Datos cargados: 318 registros
2025-05-23 00:24:08,370 - WARNING - Outliers detectados en Inventory:
     work_date department  total_overtime
212 2025-01-19  Inventory           14.71
290 2025-04-20  Inventory           17.93
2025-05-23 00:24:08,383 - WARNING - Outliers detectados en IT:
     work_date department  total_overtime
303 2025-05-04         IT           19.78
2025-05-23 00:24:08,399 - WARNING - Outliers detectados en Marketing:
     work_date department  total_overtime
286 2025-04-13  Marketing           20.43
2025-05-23 00:24:09,888 - INFO - Período estacional detectado: 8
2025-05-23 00:24:11,597 - INFO - Período estacional detectado: 3
2025-05-23 00:24:14,360 - INFO - Período estacional detectado: 9
2025-05-23 00:24:15,581 - INFO - Período estacional detectado: 7
2025-05-23 00:24:16,630 - INFO - Período estacional detectado: 6
2025-05-23 00:24:17,595 - INFO - Período estacional detectado: 1
2025-05-23 00:24:17,747 - INFO - Período estacional detectado: 8
2025-05-23 00:24:23,660 - INFO - Período estacional detectado: 3
2025-05-23 00:24:36,405 - INFO - Período estacional detectado: 9
2025-05-23 00:24:42,036 - WARNING - Residuos no son ruido blanco para Inventory (p-valor=0.0006)
2025-05-23 00:24:42,038 - INFO - Reintentando con parámetros más amplios para Inventory
2025-05-23 00:25:48,059 - WARNING - Residuos no son ruido blanco para Inventory (p-valor=0.0006)
2025-05-23 00:25:48,062 - WARNING - SARIMA no válido para Inventory, usando Holt
2025-05-23 00:25:48,420 - INFO - Período estacional detectado: 7
2025-05-23 00:25:54,174 - WARNING - Residuos no son ruido blanco para IT (p-valor=0.0000)
2025-05-23 00:25:54,176 - INFO - Reintentando con parámetros más amplios para IT
2025-05-23 00:26:42,667 - WARNING - Residuos no son ruido blanco para IT (p-valor=0.0034)
2025-05-23 00:26:42,669 - WARNING - SARIMA no válido para IT, usando Holt
2025-05-23 00:26:42,876 - INFO - Período estacional detectado: 6
2025-05-23 00:26:47,889 - INFO - Período estacional detectado: 1
2025-05-23 00:26:53,471 - INFO - Predicciones generadas para SARIMA model
2025-05-23 00:26:53,498 - INFO - Predicciones generadas para SARIMA model
2025-05-23 00:26:53,525 - INFO - Predicciones generadas para HOLT model
2025-05-23 00:26:53,556 - INFO - Predicciones generadas para HOLT model
2025-05-23 00:26:53,585 - INFO - Predicciones generadas para SARIMA model
2025-05-23 00:26:53,613 - INFO - Predicciones generadas para SARIMA model
2025-05-23 00:26:55,446 - INFO - Conexión a la base de datos exitosa
2025-05-23 00:26:55,661 - INFO - Predicciones y métricas guardadas exitosamente
2025-05-23 00:26:55,755 - INFO - Conexión a la base de datos exitosa
2025-05-23 00:46:48,795 - INFO - Conexión a la base de datos exitosa
2025-05-23 00:46:48,903 - INFO - Datos cargados: 318 registros
2025-05-23 00:46:49,102 - WARNING - Outliers detectados en Inventory:
     work_date department  total_overtime
212 2025-01-19  Inventory           14.71
290 2025-04-20  Inventory           17.93
2025-05-23 00:46:49,123 - WARNING - Outliers detectados en IT:
     work_date department  total_overtime
303 2025-05-04         IT           19.78
2025-05-23 00:46:49,144 - WARNING - Outliers detectados en Marketing:
     work_date department  total_overtime
286 2025-04-13  Marketing           20.43
2025-05-23 00:46:59,799 - INFO - Período estacional detectado: 8
2025-05-23 00:47:01,045 - INFO - Período estacional detectado: 3
2025-05-23 00:47:01,790 - INFO - Período estacional detectado: 9
2025-05-23 00:47:03,055 - INFO - Período estacional detectado: 7
2025-05-23 00:47:04,020 - INFO - Período estacional detectado: 6
2025-05-23 00:47:04,698 - INFO - Período estacional detectado: 1
2025-05-23 00:47:31,097 - INFO - Período estacional seleccionado: 13 (std estacional: 1.6280)
2025-05-23 00:47:37,301 - INFO - Período estacional seleccionado: 4 (std estacional: 1.8847)
2025-05-23 00:47:50,005 - INFO - Período estacional seleccionado: 13 (std estacional: 1.8175)
2025-05-23 00:47:55,292 - INFO - Período estacional seleccionado: 13 (std estacional: 1.7436)
2025-05-23 00:48:04,306 - WARNING - Residuos no son ruido blanco para IT (p-valor=0.0038)
2025-05-23 00:48:04,309 - INFO - Reintentando con parámetros más amplios para IT
2025-05-23 00:49:41,944 - WARNING - Residuos no son ruido blanco para IT (p-valor=0.0038)
2025-05-23 00:49:41,945 - WARNING - SARIMA no válido para IT, usando Holt
2025-05-23 00:49:42,854 - INFO - Período estacional seleccionado: 13 (std estacional: 2.1562)
2025-05-23 00:49:45,221 - WARNING - Residuos no son ruido blanco para Marketing (p-valor=0.0437)
2025-05-23 00:49:45,224 - INFO - Reintentando con parámetros más amplios para Marketing
2025-05-23 00:50:56,935 - WARNING - Residuos no son ruido blanco para Marketing (p-valor=0.0437)
2025-05-23 00:50:56,936 - WARNING - SARIMA no válido para Marketing, usando Holt
2025-05-23 00:50:57,781 - INFO - Período estacional seleccionado: 13 (std estacional: 1.6428)
2025-05-23 00:52:01,155 - INFO - Predicciones generadas para SARIMA model
2025-05-23 00:52:01,194 - INFO - Predicciones generadas para SARIMA model
2025-05-23 00:52:01,226 - INFO - Predicciones generadas para SARIMA model
2025-05-23 00:52:01,254 - INFO - Predicciones generadas para HOLT model
2025-05-23 00:52:01,293 - INFO - Predicciones generadas para HOLT model
2025-05-23 00:52:01,394 - INFO - Predicciones generadas para SARIMA model
2025-05-23 00:54:19,576 - INFO - Período estacional seleccionado: 13 (std estacional: 1.6280)
2025-05-23 00:54:25,031 - INFO - Período estacional seleccionado: 8 (std estacional: 2.2268)
2025-05-23 00:54:48,530 - INFO - Período estacional seleccionado: 13 (std estacional: 1.8175)
2025-05-23 00:54:52,570 - INFO - Período estacional seleccionado: 13 (std estacional: 1.7436)
2025-05-23 00:54:59,829 - WARNING - Residuos no son ruido blanco para IT (p-valor=0.0038)
2025-05-23 00:54:59,831 - INFO - Reintentando con parámetros más amplios para IT
2025-05-23 00:56:52,887 - WARNING - Residuos no son ruido blanco para IT (p-valor=0.0038)
2025-05-23 00:56:52,890 - WARNING - SARIMA no válido para IT, usando Holt
2025-05-23 00:56:53,874 - INFO - Período estacional seleccionado: 13 (std estacional: 2.1562)
2025-05-23 00:56:56,137 - WARNING - Residuos no son ruido blanco para Marketing (p-valor=0.0437)
2025-05-23 00:56:56,140 - INFO - Reintentando con parámetros más amplios para Marketing
2025-05-23 00:58:25,492 - WARNING - Residuos no son ruido blanco para Marketing (p-valor=0.0437)
2025-05-23 00:58:25,496 - WARNING - SARIMA no válido para Marketing, usando Holt
2025-05-23 00:58:26,631 - INFO - Período estacional seleccionado: 8 (std estacional: 1.7199)
2025-05-23 00:59:49,032 - INFO - Período estacional seleccionado: 13 (std estacional: 1.6280)
2025-05-23 00:59:57,480 - ERROR - Error verificando alineación de patrones para Finance: name 'correlate' is not defined
2025-05-23 00:59:57,509 - INFO - Período estacional seleccionado: 4 (std estacional: 1.8847)
2025-05-23 01:00:14,995 - ERROR - Error verificando alineación de patrones para HR: name 'correlate' is not defined
2025-05-23 01:00:15,007 - INFO - Período estacional seleccionado: 13 (std estacional: 1.8175)
2025-05-23 01:00:18,918 - ERROR - Error verificando alineación de patrones para Inventory: name 'correlate' is not defined
2025-05-23 01:00:18,929 - INFO - Período estacional seleccionado: 13 (std estacional: 1.7436)
2025-05-23 01:00:26,323 - WARNING - Residuos no son ruido blanco para IT (p-valor=0.0038)
2025-05-23 01:00:26,324 - INFO - Reintentando con parámetros más amplios para IT
2025-05-23 01:02:06,733 - WARNING - Residuos no son ruido blanco para IT (p-valor=0.0038)
2025-05-23 01:02:06,735 - WARNING - SARIMA no válido para IT, usando Holt
2025-05-23 01:02:08,572 - ERROR - Error verificando alineación de patrones para IT: name 'correlate' is not defined
2025-05-23 01:02:08,585 - INFO - Período estacional seleccionado: 13 (std estacional: 2.1562)
2025-05-23 01:02:12,340 - WARNING - Residuos no son ruido blanco para Marketing (p-valor=0.0437)
2025-05-23 01:02:12,342 - INFO - Reintentando con parámetros más amplios para Marketing
2025-05-23 01:03:41,893 - WARNING - Residuos no son ruido blanco para Marketing (p-valor=0.0437)
2025-05-23 01:03:41,895 - WARNING - SARIMA no válido para Marketing, usando Holt
2025-05-23 01:03:42,660 - ERROR - Error verificando alineación de patrones para Marketing: name 'correlate' is not defined
2025-05-23 01:03:42,674 - INFO - Período estacional seleccionado: 13 (std estacional: 1.6428)
2025-05-23 01:03:51,338 - ERROR - Error verificando alineación de patrones para Sales: name 'correlate' is not defined
2025-05-23 01:04:27,628 - INFO - Período estacional seleccionado: 13 (std estacional: 1.6280)
2025-05-23 01:04:36,915 - ERROR - Error verificando alineación de patrones para Finance: name 'correlate' is not defined
2025-05-23 01:04:36,933 - INFO - Período estacional seleccionado: 4 (std estacional: 1.8847)
2025-05-23 01:04:51,347 - ERROR - Error verificando alineación de patrones para HR: name 'correlate' is not defined
2025-05-23 01:04:51,363 - INFO - Período estacional seleccionado: 13 (std estacional: 1.8175)
2025-05-23 01:04:55,386 - ERROR - Error verificando alineación de patrones para Inventory: name 'correlate' is not defined
2025-05-23 01:04:55,400 - INFO - Período estacional seleccionado: 13 (std estacional: 1.7436)
2025-05-23 01:05:03,387 - WARNING - Residuos no son ruido blanco para IT (p-valor=0.0038)
2025-05-23 01:05:03,389 - INFO - Reintentando con parámetros más amplios para IT
2025-05-23 01:06:56,587 - WARNING - Residuos no son ruido blanco para IT (p-valor=0.0038)
2025-05-23 01:06:56,591 - WARNING - SARIMA no válido para IT, usando Holt
2025-05-23 01:06:57,602 - ERROR - Error verificando alineación de patrones para IT: name 'correlate' is not defined
2025-05-23 01:06:57,619 - INFO - Período estacional seleccionado: 13 (std estacional: 2.1562)
2025-05-23 01:07:00,964 - WARNING - Residuos no son ruido blanco para Marketing (p-valor=0.0437)
2025-05-23 01:07:00,966 - INFO - Reintentando con parámetros más amplios para Marketing
2025-05-23 01:08:33,314 - WARNING - Residuos no son ruido blanco para Marketing (p-valor=0.0437)
2025-05-23 01:08:33,320 - WARNING - SARIMA no válido para Marketing, usando Holt
2025-05-23 01:08:34,131 - ERROR - Error verificando alineación de patrones para Marketing: name 'correlate' is not defined
2025-05-23 01:08:34,144 - INFO - Período estacional seleccionado: 13 (std estacional: 1.6428)
2025-05-23 01:08:45,088 - ERROR - Error verificando alineación de patrones para Sales: name 'correlate' is not defined
2025-05-23 01:09:25,581 - INFO - Período estacional seleccionado: 7 (std estacional: 1.1719)
2025-05-23 01:09:32,736 - ERROR - Error verificando alineación de patrones para Finance: name 'correlate' is not defined
2025-05-23 01:09:32,752 - INFO - Período estacional seleccionado: 4 (std estacional: 1.8847)
2025-05-23 01:09:44,930 - ERROR - Error verificando alineación de patrones para HR: name 'correlate' is not defined
2025-05-23 01:09:44,946 - INFO - Período estacional seleccionado: 7 (std estacional: 0.6130)
2025-05-23 01:09:49,125 - ERROR - Error verificando alineación de patrones para Inventory: name 'correlate' is not defined
2025-05-23 01:09:49,136 - INFO - Período estacional seleccionado: 7 (std estacional: 0.7871)
2025-05-23 01:09:53,937 - WARNING - Residuos no son ruido blanco para IT (p-valor=0.0000)
2025-05-23 01:09:53,939 - INFO - Reintentando con parámetros más amplios para IT
2025-05-23 01:11:43,358 - INFO - Conexión a la base de datos exitosa
2025-05-23 01:11:43,769 - INFO - Datos cargados: 318 registros
2025-05-23 01:11:43,812 - WARNING - Outliers detectados en Inventory:
     work_date department  total_overtime
212 2025-01-19  Inventory           14.71
290 2025-04-20  Inventory           17.93
2025-05-23 01:11:43,832 - WARNING - Outliers detectados en IT:
     work_date department  total_overtime
303 2025-05-04         IT           19.78
2025-05-23 01:11:43,848 - WARNING - Outliers detectados en Marketing:
     work_date department  total_overtime
286 2025-04-13  Marketing           20.43
2025-05-23 01:11:45,356 - INFO - Período estacional detectado: 8
2025-05-23 01:11:46,065 - INFO - Período estacional detectado: 3
2025-05-23 01:11:46,931 - INFO - Período estacional detectado: 9
2025-05-23 01:11:48,196 - INFO - Período estacional detectado: 7
2025-05-23 01:11:49,056 - INFO - Período estacional detectado: 6
2025-05-23 01:11:50,053 - INFO - Período estacional detectado: 1
2025-05-23 01:12:48,575 - INFO - Serie corta (53 puntos). Limitando período estacional a 4.
2025-05-23 01:12:48,605 - INFO - Período estacional seleccionado: 2 (std estacional: 0.6644)
2025-05-23 01:12:54,247 - ERROR - Error verificando alineación de patrones para Finance: name 'correlate' is not defined
2025-05-23 01:12:54,253 - INFO - Serie corta (53 puntos). Limitando período estacional a 4.
2025-05-23 01:12:54,262 - INFO - Período estacional seleccionado: 4 (std estacional: 1.8847)
2025-05-23 01:13:12,726 - ERROR - Error verificando alineación de patrones para HR: name 'correlate' is not defined
2025-05-23 01:13:12,733 - INFO - Serie corta (53 puntos). Limitando período estacional a 4.
2025-05-23 01:13:12,741 - INFO - Período estacional seleccionado: 4 (std estacional: 0.4040)
2025-05-23 01:13:18,336 - ERROR - Error verificando alineación de patrones para Inventory: name 'correlate' is not defined
2025-05-23 01:13:18,341 - INFO - Serie corta (53 puntos). Limitando período estacional a 4.
2025-05-23 01:13:18,351 - INFO - Período estacional seleccionado: 4 (std estacional: 0.4702)
2025-05-23 01:13:23,255 - WARNING - Residuos no son ruido blanco para IT (p-valor=0.0158)
2025-05-23 01:13:23,259 - INFO - Reintentando con parámetros más amplios para IT
2025-05-23 01:14:29,309 - WARNING - Residuos no son ruido blanco para IT (p-valor=0.0038)
2025-05-23 01:14:29,311 - WARNING - SARIMA no válido para IT, usando Holt
2025-05-23 01:14:30,134 - ERROR - Error verificando alineación de patrones para IT: name 'correlate' is not defined
2025-05-23 01:14:30,141 - INFO - Serie corta (53 puntos). Limitando período estacional a 4.
2025-05-23 01:14:30,148 - INFO - Período estacional seleccionado: 4 (std estacional: 1.4494)
2025-05-23 01:14:33,839 - WARNING - Residuos no son ruido blanco para Marketing (p-valor=0.0437)
2025-05-23 01:14:33,841 - INFO - Reintentando con parámetros más amplios para Marketing
2025-05-23 01:16:07,661 - WARNING - Residuos no son ruido blanco para Marketing (p-valor=0.0437)
2025-05-23 01:16:07,663 - WARNING - SARIMA no válido para Marketing, usando Holt
2025-05-23 01:16:08,458 - ERROR - Error verificando alineación de patrones para Marketing: name 'correlate' is not defined
2025-05-23 01:16:08,462 - INFO - Serie corta (53 puntos). Limitando período estacional a 4.
2025-05-23 01:16:08,469 - INFO - Período estacional seleccionado: 4 (std estacional: 0.9904)
2025-05-23 01:16:16,237 - ERROR - Error verificando alineación de patrones para Sales: name 'correlate' is not defined
2025-05-23 01:16:46,846 - INFO - Serie corta (53 puntos). Limitando período estacional a 4.
2025-05-23 01:16:46,857 - INFO - Período estacional seleccionado: 2 (std estacional: 0.6644)
2025-05-23 01:16:50,459 - INFO - Serie corta (53 puntos). Limitando período estacional a 4.
2025-05-23 01:16:50,462 - INFO - Período estacional seleccionado: 4 (std estacional: 1.8847)
2025-05-23 01:17:02,545 - INFO - Serie corta (53 puntos). Limitando período estacional a 4.
2025-05-23 01:17:02,554 - INFO - Período estacional seleccionado: 4 (std estacional: 0.4040)
2025-05-23 01:17:06,323 - INFO - Serie corta (53 puntos). Limitando período estacional a 4.
2025-05-23 01:17:06,330 - INFO - Período estacional seleccionado: 4 (std estacional: 0.4702)
2025-05-23 01:17:09,993 - WARNING - Residuos no son ruido blanco para IT (p-valor=0.0158)
2025-05-23 01:17:09,995 - INFO - Reintentando con parámetros más amplios para IT
2025-05-23 01:18:05,400 - WARNING - Residuos no son ruido blanco para IT (p-valor=0.0038)
2025-05-23 01:18:05,405 - WARNING - SARIMA no válido para IT, usando Holt
2025-05-23 01:18:06,234 - INFO - Serie corta (53 puntos). Limitando período estacional a 4.
2025-05-23 01:18:06,243 - INFO - Período estacional seleccionado: 4 (std estacional: 1.4494)
2025-05-23 01:18:09,872 - WARNING - Residuos no son ruido blanco para Marketing (p-valor=0.0437)
2025-05-23 01:18:09,874 - INFO - Reintentando con parámetros más amplios para Marketing
2025-05-23 01:19:23,700 - WARNING - Residuos no son ruido blanco para Marketing (p-valor=0.0437)
2025-05-23 01:19:23,702 - WARNING - SARIMA no válido para Marketing, usando Holt
2025-05-23 01:19:24,655 - INFO - Serie corta (53 puntos). Limitando período estacional a 4.
2025-05-23 01:19:24,664 - INFO - Período estacional seleccionado: 4 (std estacional: 0.9904)
2025-05-23 01:28:28,804 - INFO - Serie corta (53 puntos). Limitando período estacional a 4.
2025-05-23 01:28:28,814 - INFO - Período estacional seleccionado: 2 (std estacional: 0.6644)
2025-05-23 01:28:34,082 - INFO - Serie corta (53 puntos). Limitando período estacional a 4.
2025-05-23 01:28:34,096 - INFO - Período estacional seleccionado: 4 (std estacional: 1.8847)
2025-05-23 01:28:50,946 - INFO - Serie corta (53 puntos). Limitando período estacional a 4.
2025-05-23 01:28:50,953 - INFO - Período estacional seleccionado: 4 (std estacional: 0.4040)
2025-05-23 01:28:53,487 - WARNING - Orden nulo detectado para Inventory. Usando Holt.
2025-05-23 01:28:54,577 - INFO - Serie corta (53 puntos). Limitando período estacional a 4.
2025-05-23 01:28:54,583 - INFO - Período estacional seleccionado: 4 (std estacional: 0.4702)
2025-05-23 01:28:58,204 - WARNING - Residuos no son ruido blanco para IT (p-valor=0.0158)
2025-05-23 01:28:58,205 - INFO - Reintentando con parámetros más amplios para IT
2025-05-23 01:29:49,828 - WARNING - Residuos no son ruido blanco para IT (p-valor=0.0038)
2025-05-23 01:29:49,829 - WARNING - SARIMA no válido para IT, usando Holt
2025-05-23 01:29:50,642 - INFO - Serie corta (53 puntos). Limitando período estacional a 4.
2025-05-23 01:29:50,647 - INFO - Período estacional seleccionado: 4 (std estacional: 1.4494)
2025-05-23 01:29:54,331 - WARNING - Residuos no son ruido blanco para Marketing (p-valor=0.0437)
2025-05-23 01:29:54,332 - INFO - Reintentando con parámetros más amplios para Marketing
2025-05-23 01:31:01,337 - WARNING - Residuos no son ruido blanco para Marketing (p-valor=0.0437)
2025-05-23 01:31:01,340 - WARNING - SARIMA no válido para Marketing, usando Holt
2025-05-23 01:31:02,140 - INFO - Serie corta (53 puntos). Limitando período estacional a 4.
2025-05-23 01:31:02,152 - INFO - Período estacional seleccionado: 4 (std estacional: 0.9904)
2025-05-23 01:31:17,959 - INFO - Predicciones generadas para SARIMA model
2025-05-23 01:31:17,989 - INFO - Predicciones generadas para SARIMA model
2025-05-23 01:31:18,010 - INFO - Predicciones generadas para HOLT model
2025-05-23 01:31:18,042 - INFO - Predicciones generadas para HOLT model
2025-05-23 01:31:18,071 - INFO - Predicciones generadas para HOLT model
2025-05-23 01:31:18,101 - INFO - Predicciones generadas para SARIMA model
2025-05-23 01:31:58,510 - INFO - Conexión a la base de datos exitosa
2025-05-23 01:31:59,301 - INFO - Predicciones y métricas guardadas exitosamente
2025-05-23 01:31:59,423 - INFO - Conexión a la base de datos exitosa
2025-05-23 01:43:50,959 - INFO - Serie corta (53 puntos). Limitando período estacional a 4.
2025-05-23 01:43:50,974 - INFO - Período estacional seleccionado: 2 (std estacional: 0.6644)
2025-05-23 01:43:58,032 - INFO - Serie corta (53 puntos). Limitando período estacional a 4.
2025-05-23 01:43:58,042 - INFO - Período estacional seleccionado: 4 (std estacional: 1.8847)
2025-05-23 01:44:17,147 - INFO - Serie corta (53 puntos). Limitando período estacional a 4.
2025-05-23 01:44:17,154 - INFO - Período estacional seleccionado: 4 (std estacional: 0.4040)
2025-05-23 01:44:19,635 - WARNING - Orden nulo detectado para Inventory. Usando Holt.
2025-05-23 01:44:20,360 - INFO - Serie corta (53 puntos). Limitando período estacional a 4.
2025-05-23 01:44:20,365 - INFO - Período estacional seleccionado: 4 (std estacional: 0.4702)
2025-05-23 01:44:23,958 - WARNING - Residuos no son ruido blanco para IT (p-valor=0.0158)
2025-05-23 01:44:23,959 - INFO - Reintentando con parámetros más amplios para IT
2025-05-23 01:45:27,862 - WARNING - Residuos no son ruido blanco para IT (p-valor=0.0038)
2025-05-23 01:45:27,864 - WARNING - SARIMA no válido para IT, usando Holt
2025-05-23 01:45:28,871 - INFO - Serie corta (53 puntos). Limitando período estacional a 4.
2025-05-23 01:45:28,883 - INFO - Período estacional seleccionado: 4 (std estacional: 1.4494)
2025-05-23 01:45:34,554 - WARNING - Residuos no son ruido blanco para Marketing (p-valor=0.0437)
2025-05-23 01:45:34,556 - INFO - Reintentando con parámetros más amplios para Marketing
2025-05-23 01:47:00,775 - WARNING - Residuos no son ruido blanco para Marketing (p-valor=0.0437)
2025-05-23 01:47:00,777 - WARNING - SARIMA no válido para Marketing, usando Holt
2025-05-23 01:47:01,693 - INFO - Serie corta (53 puntos). Limitando período estacional a 4.
2025-05-23 01:47:01,699 - INFO - Período estacional seleccionado: 4 (std estacional: 0.9904)
2025-05-23 01:47:43,644 - INFO - Serie corta (53 puntos). Limitando período estacional a 4.
2025-05-23 01:47:43,659 - INFO - Período estacional seleccionado: 2 (std estacional: 0.6644)
2025-05-23 01:47:49,417 - INFO - Serie corta (53 puntos). Limitando período estacional a 4.
2025-05-23 01:47:49,423 - INFO - Período estacional seleccionado: 4 (std estacional: 1.8847)
2025-05-23 01:48:05,698 - INFO - Serie corta (53 puntos). Limitando período estacional a 4.
2025-05-23 01:48:05,704 - INFO - Período estacional seleccionado: 4 (std estacional: 0.4040)
2025-05-23 01:48:07,553 - WARNING - Orden nulo detectado para Inventory. Usando Holt.
2025-05-23 01:48:08,251 - INFO - Serie corta (53 puntos). Limitando período estacional a 4.
2025-05-23 01:48:08,261 - INFO - Período estacional seleccionado: 4 (std estacional: 0.4702)
2025-05-23 01:48:12,434 - WARNING - Residuos no son ruido blanco para IT (p-valor=0.0158)
2025-05-23 01:48:12,436 - INFO - Reintentando con parámetros más amplios para IT
2025-05-23 01:49:08,605 - WARNING - Residuos no son ruido blanco para IT (p-valor=0.0038)
2025-05-23 01:49:08,607 - WARNING - SARIMA no válido para IT, usando Holt
2025-05-23 01:49:09,578 - INFO - Serie corta (53 puntos). Limitando período estacional a 4.
2025-05-23 01:49:09,587 - INFO - Período estacional seleccionado: 4 (std estacional: 1.4494)
2025-05-23 01:49:14,734 - WARNING - Residuos no son ruido blanco para Marketing (p-valor=0.0437)
2025-05-23 01:49:14,737 - INFO - Reintentando con parámetros más amplios para Marketing
2025-05-23 01:50:30,375 - WARNING - Residuos no son ruido blanco para Marketing (p-valor=0.0437)
2025-05-23 01:50:30,377 - WARNING - SARIMA no válido para Marketing, usando Holt
2025-05-23 01:50:31,459 - INFO - Serie corta (53 puntos). Limitando período estacional a 4.
2025-05-23 01:50:31,470 - INFO - Período estacional seleccionado: 4 (std estacional: 0.9904)
2025-05-23 01:53:34,196 - INFO - Serie corta (53 puntos). Limitando período estacional a 4.
2025-05-23 01:53:34,210 - INFO - Período estacional seleccionado: 2 (std estacional: 0.6644)
2025-05-23 01:53:41,593 - INFO - Serie corta (53 puntos). Limitando período estacional a 4.
2025-05-23 01:53:41,601 - INFO - Período estacional seleccionado: 4 (std estacional: 1.8847)
2025-05-23 01:54:00,632 - INFO - Serie corta (53 puntos). Limitando período estacional a 4.
2025-05-23 01:54:00,638 - INFO - Período estacional seleccionado: 4 (std estacional: 0.4040)
2025-05-23 01:54:03,453 - WARNING - Orden nulo detectado para Inventory. Usando Holt.
2025-05-23 01:54:04,520 - INFO - Serie corta (53 puntos). Limitando período estacional a 4.
2025-05-23 01:54:04,532 - INFO - Período estacional seleccionado: 4 (std estacional: 0.4702)
2025-05-23 01:54:09,077 - WARNING - Residuos no son ruido blanco para IT (p-valor=0.0158)
2025-05-23 01:54:09,079 - INFO - Reintentando con parámetros más amplios para IT
2025-05-23 01:55:07,770 - WARNING - Residuos no son ruido blanco para IT (p-valor=0.0038)
2025-05-23 01:55:07,773 - WARNING - SARIMA no válido para IT, usando Holt
2025-05-23 01:55:08,964 - INFO - Serie corta (53 puntos). Limitando período estacional a 4.
2025-05-23 01:55:08,971 - INFO - Período estacional seleccionado: 4 (std estacional: 1.4494)
2025-05-23 01:55:13,862 - WARNING - Residuos no son ruido blanco para Marketing (p-valor=0.0437)
2025-05-23 01:55:13,865 - INFO - Reintentando con parámetros más amplios para Marketing
2025-05-23 01:56:53,674 - WARNING - Residuos no son ruido blanco para Marketing (p-valor=0.0437)
2025-05-23 01:56:53,676 - WARNING - SARIMA no válido para Marketing, usando Holt
2025-05-23 01:56:54,680 - INFO - Serie corta (53 puntos). Limitando período estacional a 4.
2025-05-23 01:56:54,694 - INFO - Período estacional seleccionado: 4 (std estacional: 0.9904)
2025-05-23 01:57:30,002 - INFO - Serie corta (53 puntos). Limitando período estacional a 4.
2025-05-23 01:57:30,011 - INFO - Período estacional seleccionado: 2 (std estacional: 0.6644)
2025-05-23 01:57:36,907 - INFO - Serie corta (53 puntos). Limitando período estacional a 4.
2025-05-23 01:57:36,913 - INFO - Período estacional seleccionado: 4 (std estacional: 1.8847)
2025-05-23 01:57:54,047 - INFO - Serie corta (53 puntos). Limitando período estacional a 4.
2025-05-23 01:57:54,055 - INFO - Período estacional seleccionado: 4 (std estacional: 0.4040)
2025-05-23 01:57:57,207 - WARNING - Orden nulo detectado para Inventory. Usando Holt.
2025-05-23 01:57:57,953 - INFO - Serie corta (53 puntos). Limitando período estacional a 4.
2025-05-23 01:57:57,962 - INFO - Período estacional seleccionado: 4 (std estacional: 0.4702)
2025-05-23 01:58:01,422 - WARNING - Residuos no son ruido blanco para IT (p-valor=0.0158)
2025-05-23 01:58:01,424 - INFO - Reintentando con parámetros más amplios para IT
2025-05-23 01:58:57,329 - WARNING - Residuos no son ruido blanco para IT (p-valor=0.0038)
2025-05-23 01:58:57,331 - WARNING - SARIMA no válido para IT, usando Holt
2025-05-23 01:58:58,132 - INFO - Serie corta (53 puntos). Limitando período estacional a 4.
2025-05-23 01:58:58,142 - INFO - Período estacional seleccionado: 4 (std estacional: 1.4494)
2025-05-23 01:59:02,008 - WARNING - Residuos no son ruido blanco para Marketing (p-valor=0.0437)
2025-05-23 01:59:02,009 - INFO - Reintentando con parámetros más amplios para Marketing
2025-05-23 02:00:21,340 - WARNING - Residuos no son ruido blanco para Marketing (p-valor=0.0437)
2025-05-23 02:00:21,342 - WARNING - SARIMA no válido para Marketing, usando Holt
2025-05-23 02:00:22,291 - INFO - Serie corta (53 puntos). Limitando período estacional a 4.
2025-05-23 02:00:22,301 - INFO - Período estacional seleccionado: 4 (std estacional: 0.9904)
2025-05-23 02:02:33,101 - INFO - Serie corta (53 puntos). Limitando período estacional a 4.
2025-05-23 02:02:33,112 - INFO - Período estacional seleccionado: 2 (std estacional: 0.6644)
2025-05-23 02:02:38,391 - INFO - Serie corta (53 puntos). Limitando período estacional a 4.
2025-05-23 02:02:38,398 - INFO - Período estacional seleccionado: 4 (std estacional: 1.8847)
2025-05-23 02:02:57,669 - INFO - Serie corta (53 puntos). Limitando período estacional a 4.
2025-05-23 02:02:57,685 - INFO - Período estacional seleccionado: 4 (std estacional: 0.4040)
2025-05-23 02:03:00,525 - WARNING - Orden nulo detectado para Inventory. Usando Holt.
2025-05-23 02:03:01,438 - INFO - Serie corta (53 puntos). Limitando período estacional a 4.
2025-05-23 02:03:01,447 - INFO - Período estacional seleccionado: 4 (std estacional: 0.4702)
2025-05-23 02:03:05,820 - WARNING - Residuos no son ruido blanco para IT (p-valor=0.0158)
2025-05-23 02:03:05,821 - INFO - Reintentando con parámetros más amplios para IT
2025-05-23 02:04:00,693 - WARNING - Residuos no son ruido blanco para IT (p-valor=0.0038)
2025-05-23 02:04:00,697 - WARNING - SARIMA no válido para IT, usando Holt
2025-05-23 02:04:02,376 - INFO - Serie corta (53 puntos). Limitando período estacional a 4.
2025-05-23 02:04:02,383 - INFO - Período estacional seleccionado: 4 (std estacional: 1.4494)
2025-05-23 02:04:06,272 - WARNING - Residuos no son ruido blanco para Marketing (p-valor=0.0437)
2025-05-23 02:04:06,274 - INFO - Reintentando con parámetros más amplios para Marketing
2025-05-23 02:05:24,660 - WARNING - Residuos no son ruido blanco para Marketing (p-valor=0.0437)
2025-05-23 02:05:24,661 - WARNING - SARIMA no válido para Marketing, usando Holt
2025-05-23 02:05:25,308 - INFO - Serie corta (53 puntos). Limitando período estacional a 4.
2025-05-23 02:05:25,314 - INFO - Período estacional seleccionado: 4 (std estacional: 0.9904)
2025-05-23 02:06:52,702 - INFO - Predicciones generadas para SARIMA model
2025-05-23 02:06:52,728 - INFO - Predicciones generadas para SARIMA model
2025-05-23 02:06:52,759 - INFO - Predicciones generadas para HOLT model
2025-05-23 02:06:52,801 - INFO - Predicciones generadas para HOLT model
2025-05-23 02:06:52,826 - INFO - Predicciones generadas para HOLT model
2025-05-23 02:06:52,855 - INFO - Predicciones generadas para SARIMA model
2025-05-23 02:08:17,853 - INFO - Conexión a la base de datos exitosa
2025-05-23 02:08:18,095 - INFO - Datos cargados: 318 registros
2025-05-23 02:08:18,146 - WARNING - Outliers detectados en Inventory:
     work_date department  total_overtime
212 2025-01-19  Inventory           14.71
290 2025-04-20  Inventory           17.93
2025-05-23 02:08:18,172 - WARNING - Outliers detectados en IT:
     work_date department  total_overtime
303 2025-05-04         IT           19.78
2025-05-23 02:08:18,202 - WARNING - Outliers detectados en Marketing:
     work_date department  total_overtime
286 2025-04-13  Marketing           20.43
2025-05-23 02:08:19,730 - INFO - Período estacional detectado: 8
2025-05-23 02:08:20,464 - INFO - Período estacional detectado: 3
2025-05-23 02:08:21,147 - INFO - Período estacional detectado: 9
2025-05-23 02:08:21,957 - INFO - Período estacional detectado: 7
2025-05-23 02:08:22,726 - INFO - Período estacional detectado: 6
2025-05-23 02:08:23,295 - INFO - Período estacional detectado: 1
2025-05-23 02:08:24,020 - INFO - Serie corta (53 puntos). Limitando período estacional a 4.
2025-05-23 02:08:24,027 - INFO - Período estacional seleccionado: 2 (std estacional: 0.6644)
2025-05-23 02:08:27,808 - INFO - Serie corta (53 puntos). Limitando período estacional a 4.
2025-05-23 02:08:27,814 - INFO - Período estacional seleccionado: 4 (std estacional: 1.8847)
2025-05-23 02:08:49,860 - INFO - Serie corta (53 puntos). Limitando período estacional a 4.
2025-05-23 02:08:49,878 - INFO - Período estacional seleccionado: 4 (std estacional: 0.4040)
2025-05-23 02:08:54,017 - WARNING - Orden nulo detectado para Inventory. Usando Holt.
2025-05-23 02:08:56,193 - INFO - Serie corta (53 puntos). Limitando período estacional a 4.
2025-05-23 02:08:56,200 - INFO - Período estacional seleccionado: 4 (std estacional: 0.4702)
2025-05-23 02:08:59,882 - WARNING - Residuos no son ruido blanco para IT (p-valor=0.0158)
2025-05-23 02:08:59,884 - INFO - Reintentando con parámetros más amplios para IT
2025-05-23 02:09:57,249 - WARNING - Residuos no son ruido blanco para IT (p-valor=0.0038)
2025-05-23 02:09:57,256 - WARNING - SARIMA no válido para IT, usando Holt
2025-05-23 02:09:58,232 - INFO - Serie corta (53 puntos). Limitando período estacional a 4.
2025-05-23 02:09:58,237 - INFO - Período estacional seleccionado: 4 (std estacional: 1.4494)
2025-05-23 02:10:01,749 - WARNING - Residuos no son ruido blanco para Marketing (p-valor=0.0437)
2025-05-23 02:10:01,750 - INFO - Reintentando con parámetros más amplios para Marketing
2025-05-23 02:11:15,048 - WARNING - Residuos no son ruido blanco para Marketing (p-valor=0.0437)
2025-05-23 02:11:15,051 - WARNING - SARIMA no válido para Marketing, usando Holt
2025-05-23 02:11:16,035 - INFO - Serie corta (53 puntos). Limitando período estacional a 4.
2025-05-23 02:11:16,044 - INFO - Período estacional seleccionado: 4 (std estacional: 0.9904)
2025-05-23 02:11:23,022 - INFO - Predicciones generadas para SARIMA model
2025-05-23 02:11:23,068 - INFO - Predicciones generadas para SARIMA model
2025-05-23 02:11:23,101 - INFO - Predicciones generadas para HOLT model
2025-05-23 02:11:23,123 - INFO - Predicciones generadas para HOLT model
2025-05-23 02:11:23,142 - INFO - Predicciones generadas para HOLT model
2025-05-23 02:11:23,160 - INFO - Predicciones generadas para SARIMA model
2025-05-23 02:11:24,492 - INFO - Conexión a la base de datos exitosa
2025-05-23 02:11:25,148 - INFO - Predicciones y métricas guardadas exitosamente
2025-05-23 02:11:25,213 - INFO - Conexión a la base de datos exitosa
2025-05-23 11:10:14,396 - INFO - Conexión a la base de datos exitosa
2025-05-23 11:10:15,172 - INFO - Datos cargados: 318 registros
2025-05-23 11:10:15,619 - WARNING - Outliers detectados en Inventory:
     work_date department  total_overtime
212 2025-01-19  Inventory           14.71
290 2025-04-20  Inventory           17.93
2025-05-23 11:10:15,634 - WARNING - Outliers detectados en IT:
     work_date department  total_overtime
303 2025-05-04         IT           19.78
2025-05-23 11:10:15,659 - WARNING - Outliers detectados en Marketing:
     work_date department  total_overtime
286 2025-04-13  Marketing           20.43
2025-05-23 11:10:18,621 - INFO - Período estacional detectado: 8
2025-05-23 11:10:19,223 - INFO - Período estacional detectado: 3
2025-05-23 11:10:19,861 - INFO - Período estacional detectado: 9
2025-05-23 11:10:20,460 - INFO - Período estacional detectado: 7
2025-05-23 11:10:21,049 - INFO - Período estacional detectado: 6
2025-05-23 11:10:22,621 - INFO - Período estacional detectado: 1
2025-05-23 11:10:24,265 - INFO - Serie corta (53 puntos). Limitando período estacional a 4.
2025-05-23 11:10:24,361 - INFO - Período estacional seleccionado: 2 (std estacional: 0.6644)
2025-05-23 11:10:31,222 - INFO - Serie corta (53 puntos). Limitando período estacional a 4.
2025-05-23 11:10:31,231 - INFO - Período estacional seleccionado: 4 (std estacional: 1.8847)
2025-05-23 11:10:46,429 - INFO - Serie corta (53 puntos). Limitando período estacional a 4.
2025-05-23 11:10:46,437 - INFO - Período estacional seleccionado: 4 (std estacional: 0.4040)
2025-05-23 11:10:48,539 - WARNING - Orden nulo detectado para Inventory. Usando Holt.
2025-05-23 11:10:49,618 - INFO - Serie corta (53 puntos). Limitando período estacional a 4.
2025-05-23 11:10:49,626 - INFO - Período estacional seleccionado: 4 (std estacional: 0.4702)
2025-05-23 11:10:52,941 - WARNING - Residuos no son ruido blanco para IT (p-valor=0.0158)
2025-05-23 11:10:52,944 - INFO - Reintentando con parámetros más amplios para IT
2025-05-23 11:11:52,555 - WARNING - Residuos no son ruido blanco para IT (p-valor=0.0038)
2025-05-23 11:11:52,558 - WARNING - SARIMA no válido para IT, usando Holt
2025-05-23 11:11:53,696 - INFO - Serie corta (53 puntos). Limitando período estacional a 4.
2025-05-23 11:11:53,703 - INFO - Período estacional seleccionado: 4 (std estacional: 1.4494)
2025-05-23 11:11:58,266 - WARNING - Residuos no son ruido blanco para Marketing (p-valor=0.0437)
2025-05-23 11:11:58,268 - INFO - Reintentando con parámetros más amplios para Marketing
2025-05-23 11:13:18,102 - WARNING - Residuos no son ruido blanco para Marketing (p-valor=0.0437)
2025-05-23 11:13:18,103 - WARNING - SARIMA no válido para Marketing, usando Holt
2025-05-23 11:13:19,242 - INFO - Serie corta (53 puntos). Limitando período estacional a 4.
2025-05-23 11:13:19,253 - INFO - Período estacional seleccionado: 4 (std estacional: 0.9904)
2025-05-23 11:13:27,998 - INFO - Pronósticos generados para Finance
2025-05-23 11:13:28,179 - INFO - Pronósticos generados para HR
2025-05-23 11:13:28,255 - INFO - Pronósticos generados para Inventory
2025-05-23 11:13:28,343 - INFO - Pronósticos generados para IT
2025-05-23 11:13:28,422 - INFO - Pronósticos generados para Marketing
2025-05-23 11:13:28,529 - INFO - Pronósticos generados para Sales
2025-05-23 11:14:15,934 - INFO - Conexión a la base de datos exitosa
2025-05-23 11:14:18,182 - ERROR - Error insertando datos para Finance: (207, b"Invalid column name 'nan'.DB-Lib error message 20018, severity 16:\nGeneral SQL Server error: Check messages from the SQL Server\nDB-Lib error message 20018, severity 16:\nGeneral SQL Server error: Check messages from the SQL Server\n")
2025-05-23 11:14:18,188 - ERROR - Error insertando datos para HR: (207, b"Invalid column name 'nan'.DB-Lib error message 20018, severity 16:\nGeneral SQL Server error: Check messages from the SQL Server\nDB-Lib error message 20018, severity 16:\nGeneral SQL Server error: Check messages from the SQL Server\n")
2025-05-23 11:14:18,192 - ERROR - Error insertando datos para Inventory: (207, b"Invalid column name 'nan'.DB-Lib error message 20018, severity 16:\nGeneral SQL Server error: Check messages from the SQL Server\nDB-Lib error message 20018, severity 16:\nGeneral SQL Server error: Check messages from the SQL Server\n")
2025-05-23 11:14:18,197 - ERROR - Error insertando datos para IT: (207, b"Invalid column name 'nan'.DB-Lib error message 20018, severity 16:\nGeneral SQL Server error: Check messages from the SQL Server\nDB-Lib error message 20018, severity 16:\nGeneral SQL Server error: Check messages from the SQL Server\n")
2025-05-23 11:14:18,228 - ERROR - Error insertando datos para Marketing: (207, b"Invalid column name 'nan'.DB-Lib error message 20018, severity 16:\nGeneral SQL Server error: Check messages from the SQL Server\nDB-Lib error message 20018, severity 16:\nGeneral SQL Server error: Check messages from the SQL Server\n")
2025-05-23 11:14:18,233 - ERROR - Error insertando datos para Sales: (207, b"Invalid column name 'nan'.DB-Lib error message 20018, severity 16:\nGeneral SQL Server error: Check messages from the SQL Server\nDB-Lib error message 20018, severity 16:\nGeneral SQL Server error: Check messages from the SQL Server\n")
2025-05-23 11:14:18,236 - INFO - Predicciones y métricas guardadas exitosamente
2025-05-23 11:14:18,356 - INFO - Conexión a la base de datos exitosa
2025-05-23 11:17:57,821 - INFO - Predicciones generadas para SARIMA model
2025-05-23 11:17:57,962 - INFO - Predicciones generadas para SARIMA model
2025-05-23 11:17:58,035 - INFO - Predicciones generadas para HOLT model
2025-05-23 11:17:58,090 - INFO - Predicciones generadas para HOLT model
2025-05-23 11:17:58,140 - INFO - Predicciones generadas para HOLT model
2025-05-23 11:17:58,179 - INFO - Predicciones generadas para SARIMA model
2025-05-23 11:30:41,893 - INFO - Conexión a la base de datos exitosa
2025-05-23 11:30:42,034 - INFO - Datos cargados: 318 registros
2025-05-23 11:30:42,101 - WARNING - Outliers detectados en Inventory:
     work_date department  total_overtime
212 2025-01-19  Inventory           14.71
290 2025-04-20  Inventory           17.93
2025-05-23 11:30:42,121 - WARNING - Outliers detectados en IT:
     work_date department  total_overtime
303 2025-05-04         IT           19.78
2025-05-23 11:30:42,146 - WARNING - Outliers detectados en Marketing:
     work_date department  total_overtime
286 2025-04-13  Marketing           20.43
2025-05-23 11:30:43,755 - INFO - Período estacional detectado: 8
2025-05-23 11:30:44,857 - INFO - Período estacional detectado: 3
2025-05-23 11:30:45,997 - INFO - Período estacional detectado: 9
2025-05-23 11:30:47,564 - INFO - Período estacional detectado: 7
2025-05-23 11:30:48,659 - INFO - Período estacional detectado: 6
2025-05-23 11:30:49,618 - INFO - Período estacional detectado: 1
2025-05-23 11:30:51,200 - INFO - Serie corta (53 puntos). Limitando período estacional a 4.
2025-05-23 11:30:51,287 - INFO - Período estacional seleccionado: 2 (std estacional: 0.6644)
2025-05-23 11:30:56,239 - INFO - Serie corta (53 puntos). Limitando período estacional a 4.
2025-05-23 11:30:56,249 - INFO - Período estacional seleccionado: 4 (std estacional: 1.8847)
2025-05-23 11:31:16,170 - INFO - Serie corta (53 puntos). Limitando período estacional a 4.
2025-05-23 11:31:16,182 - INFO - Período estacional seleccionado: 4 (std estacional: 0.4040)
2025-05-23 11:31:20,182 - WARNING - Orden nulo detectado para Inventory. Usando Holt.
2025-05-23 11:31:21,584 - INFO - Serie corta (53 puntos). Limitando período estacional a 4.
2025-05-23 11:31:21,602 - INFO - Período estacional seleccionado: 4 (std estacional: 0.4702)
2025-05-23 11:31:28,061 - WARNING - Residuos no son ruido blanco para IT (p-valor=0.0158)
2025-05-23 11:31:28,064 - INFO - Reintentando con parámetros más amplios para IT
2025-05-23 11:33:17,868 - WARNING - Residuos no son ruido blanco para IT (p-valor=0.0038)
2025-05-23 11:33:17,871 - WARNING - SARIMA no válido para IT, usando Holt
2025-05-23 11:33:19,456 - INFO - Serie corta (53 puntos). Limitando período estacional a 4.
2025-05-23 11:33:19,472 - INFO - Período estacional seleccionado: 4 (std estacional: 1.4494)
2025-05-23 11:33:25,947 - WARNING - Residuos no son ruido blanco para Marketing (p-valor=0.0437)
2025-05-23 11:33:25,951 - INFO - Reintentando con parámetros más amplios para Marketing
2025-05-23 11:35:28,510 - WARNING - Residuos no son ruido blanco para Marketing (p-valor=0.0437)
2025-05-23 11:35:28,512 - WARNING - SARIMA no válido para Marketing, usando Holt
2025-05-23 11:35:30,016 - INFO - Serie corta (53 puntos). Limitando período estacional a 4.
2025-05-23 11:35:30,036 - INFO - Período estacional seleccionado: 4 (std estacional: 0.9904)
2025-05-23 11:35:45,548 - INFO - Predicciones generadas para SARIMA model
2025-05-23 11:35:45,588 - INFO - Predicciones generadas para SARIMA model
2025-05-23 11:35:45,640 - INFO - Predicciones generadas para HOLT model
2025-05-23 11:35:45,675 - INFO - Predicciones generadas para HOLT model
2025-05-23 11:35:45,727 - INFO - Predicciones generadas para HOLT model
2025-05-23 11:35:45,780 - INFO - Predicciones generadas para SARIMA model
2025-05-23 11:35:47,983 - INFO - Conexión a la base de datos exitosa
2025-05-23 11:35:48,760 - INFO - Predicciones y métricas guardadas exitosamente
2025-05-23 11:35:48,972 - INFO - Conexión a la base de datos exitosa
2025-05-23 11:40:04,496 - INFO - Conexión a la base de datos exitosa
2025-05-23 11:40:04,564 - INFO - Datos cargados: 318 registros
2025-05-23 11:40:04,620 - WARNING - Outliers detectados en Inventory:
     work_date department  total_overtime
212 2025-01-19  Inventory           14.71
290 2025-04-20  Inventory           17.93
2025-05-23 11:40:04,644 - WARNING - Outliers detectados en IT:
     work_date department  total_overtime
303 2025-05-04         IT           19.78
2025-05-23 11:40:04,670 - WARNING - Outliers detectados en Marketing:
     work_date department  total_overtime
286 2025-04-13  Marketing           20.43
2025-05-23 11:40:05,916 - INFO - Período estacional detectado: 8
2025-05-23 11:40:07,537 - INFO - Período estacional detectado: 3
2025-05-23 11:40:08,630 - INFO - Período estacional detectado: 9
2025-05-23 11:40:09,710 - INFO - Período estacional detectado: 7
2025-05-23 11:40:10,756 - INFO - Período estacional detectado: 6
2025-05-23 11:40:12,250 - INFO - Período estacional detectado: 1
2025-05-23 11:40:13,319 - INFO - Serie corta (53 puntos). Limitando período estacional a 4.
2025-05-23 11:40:13,329 - INFO - Período estacional seleccionado: 2 (std estacional: 0.6644)
2025-05-23 11:40:18,887 - INFO - Serie corta (53 puntos). Limitando período estacional a 4.
2025-05-23 11:40:18,899 - INFO - Período estacional seleccionado: 4 (std estacional: 1.8847)
2025-05-23 11:40:40,744 - INFO - Serie corta (53 puntos). Limitando período estacional a 4.
2025-05-23 11:40:40,759 - INFO - Período estacional seleccionado: 4 (std estacional: 0.4040)
2025-05-23 11:40:44,128 - WARNING - Orden nulo detectado para Inventory. Usando Holt.
2025-05-23 11:40:45,623 - INFO - Serie corta (53 puntos). Limitando período estacional a 4.
2025-05-23 11:40:45,631 - INFO - Período estacional seleccionado: 4 (std estacional: 0.4702)
2025-05-23 11:40:51,784 - WARNING - Residuos no son ruido blanco para IT (p-valor=0.0158)
2025-05-23 11:40:51,787 - INFO - Reintentando con parámetros más amplios para IT
2025-05-23 11:42:13,744 - WARNING - Residuos no son ruido blanco para IT (p-valor=0.0038)
2025-05-23 11:42:13,746 - WARNING - SARIMA no válido para IT, usando Holt
2025-05-23 11:42:14,976 - INFO - Serie corta (53 puntos). Limitando período estacional a 4.
2025-05-23 11:42:14,992 - INFO - Período estacional seleccionado: 4 (std estacional: 1.4494)
2025-05-23 11:42:20,464 - WARNING - Residuos no son ruido blanco para Marketing (p-valor=0.0437)
2025-05-23 11:42:20,469 - INFO - Reintentando con parámetros más amplios para Marketing
2025-05-23 11:43:41,016 - WARNING - Residuos no son ruido blanco para Marketing (p-valor=0.0437)
2025-05-23 11:43:41,018 - WARNING - SARIMA no válido para Marketing, usando Holt
2025-05-23 11:43:41,572 - INFO - Serie corta (53 puntos). Limitando período estacional a 4.
2025-05-23 11:43:41,579 - INFO - Período estacional seleccionado: 4 (std estacional: 0.9904)
2025-05-23 11:43:47,462 - INFO - Predicciones generadas para SARIMA model
2025-05-23 11:43:47,482 - INFO - Predicciones generadas para SARIMA model
2025-05-23 11:43:47,497 - INFO - Predicciones generadas para HOLT model
2025-05-23 11:43:47,509 - INFO - Predicciones generadas para HOLT model
2025-05-23 11:43:47,525 - INFO - Predicciones generadas para HOLT model
2025-05-23 11:43:47,538 - INFO - Predicciones generadas para SARIMA model
2025-05-23 11:43:48,560 - INFO - Conexión a la base de datos exitosa
2025-05-23 11:43:49,123 - INFO - Predicciones y métricas guardadas exitosamente
2025-05-23 11:43:49,213 - INFO - Conexión a la base de datos exitosa
2025-05-23 14:04:46,427 - INFO - Conexión a la base de datos exitosa
2025-05-23 14:04:57,769 - INFO - Datos cargados: 318 registros
2025-05-23 14:05:04,109 - WARNING - Outliers detectados en Inventory:
     work_date department  total_overtime
212 2025-01-19  Inventory           14.71
290 2025-04-20  Inventory           17.93
2025-05-23 14:05:04,121 - WARNING - Outliers detectados en IT:
     work_date department  total_overtime
303 2025-05-04         IT           19.78
2025-05-23 14:05:04,132 - WARNING - Outliers detectados en Marketing:
     work_date department  total_overtime
286 2025-04-13  Marketing           20.43
2025-05-23 14:05:13,378 - INFO - Período estacional detectado: 8
2025-05-23 14:05:14,178 - INFO - Período estacional detectado: 3
2025-05-23 14:05:24,554 - INFO - Período estacional detectado: 9
2025-05-23 14:05:27,035 - INFO - Período estacional detectado: 7
2025-05-23 14:05:27,963 - INFO - Período estacional detectado: 6
2025-05-23 14:05:30,483 - INFO - Período estacional detectado: 1
2025-05-23 14:05:38,874 - INFO - Serie corta (53 puntos). Limitando período estacional a 4.
2025-05-23 14:05:39,015 - INFO - Período estacional seleccionado: 2 (std estacional: 0.6644)
2025-05-23 14:06:00,868 - INFO - Serie corta (53 puntos). Limitando período estacional a 4.
2025-05-23 14:06:00,876 - INFO - Período estacional seleccionado: 4 (std estacional: 1.8847)
2025-05-23 14:06:19,067 - INFO - Serie corta (53 puntos). Limitando período estacional a 4.
2025-05-23 14:06:19,075 - INFO - Período estacional seleccionado: 4 (std estacional: 0.4040)
2025-05-23 14:06:22,532 - WARNING - Orden nulo detectado para Inventory. Usando Holt.
2025-05-23 14:06:24,367 - INFO - Serie corta (53 puntos). Limitando período estacional a 4.
2025-05-23 14:06:24,377 - INFO - Período estacional seleccionado: 4 (std estacional: 0.4702)
2025-05-23 14:06:28,911 - WARNING - Residuos no son ruido blanco para IT (p-valor=0.0158)
2025-05-23 14:06:28,913 - INFO - Reintentando con parámetros más amplios para IT
2025-05-23 14:07:35,588 - WARNING - Residuos no son ruido blanco para IT (p-valor=0.0038)
2025-05-23 14:07:35,594 - WARNING - SARIMA no válido para IT, usando Holt
2025-05-23 14:07:37,180 - INFO - Serie corta (53 puntos). Limitando período estacional a 4.
2025-05-23 14:07:37,185 - INFO - Período estacional seleccionado: 4 (std estacional: 1.4494)
2025-05-23 14:07:42,394 - WARNING - Residuos no son ruido blanco para Marketing (p-valor=0.0437)
2025-05-23 14:07:42,396 - INFO - Reintentando con parámetros más amplios para Marketing
2025-05-23 14:10:15,906 - WARNING - Residuos no son ruido blanco para Marketing (p-valor=0.0437)
2025-05-23 14:10:15,909 - WARNING - SARIMA no válido para Marketing, usando Holt
2025-05-23 14:10:16,892 - INFO - Serie corta (53 puntos). Limitando período estacional a 4.
2025-05-23 14:10:16,896 - INFO - Período estacional seleccionado: 4 (std estacional: 0.9904)
2025-05-23 14:10:25,978 - INFO - Predicciones generadas para SARIMA model
2025-05-23 14:10:26,023 - INFO - Predicciones generadas para SARIMA model
2025-05-23 14:10:26,053 - INFO - Predicciones generadas para HOLT model
2025-05-23 14:10:26,083 - INFO - Predicciones generadas para HOLT model
2025-05-23 14:10:26,103 - INFO - Predicciones generadas para HOLT model
2025-05-23 14:10:26,125 - INFO - Predicciones generadas para SARIMA model
2025-05-23 14:10:30,939 - INFO - Conexión a la base de datos exitosa
2025-05-23 14:10:32,297 - INFO - Predicciones y métricas guardadas exitosamente
2025-05-23 14:10:32,393 - INFO - Conexión a la base de datos exitosa
2025-05-23 18:28:22,304 - INFO - Conexión a la base de datos exitosa
2025-05-23 18:28:26,311 - INFO - Datos cargados: 318 registros
2025-05-23 18:54:25,726 - INFO - Conexión a la base de datos exitosa
2025-05-23 18:54:25,778 - INFO - Datos cargados: 318 registros
2025-05-23 18:54:27,092 - WARNING - Outliers detectados en Inventory:
     work_date department  total_overtime
212 2025-01-19  Inventory           14.71
290 2025-04-20  Inventory           17.93
2025-05-23 18:54:27,107 - WARNING - Outliers detectados en IT:
     work_date department  total_overtime
303 2025-05-04         IT           19.78
2025-05-23 18:54:27,125 - WARNING - Outliers detectados en Marketing:
     work_date department  total_overtime
286 2025-04-13  Marketing           20.43
2025-05-23 18:54:31,007 - INFO - Período estacional detectado: 8
2025-05-23 18:54:31,805 - INFO - Período estacional detectado: 3
2025-05-23 18:54:33,179 - INFO - Período estacional detectado: 9
2025-05-23 18:54:34,346 - INFO - Período estacional detectado: 7
2025-05-23 18:54:34,926 - INFO - Período estacional detectado: 6
2025-05-23 18:54:35,612 - INFO - Período estacional detectado: 1
2025-05-23 18:54:36,554 - INFO - Serie corta (53 puntos). Limitando período estacional a 4.
2025-05-23 18:54:36,610 - INFO - Período estacional seleccionado: 13 (std estacional: 1.6280)
2025-05-23 18:54:43,529 - INFO - Serie corta (53 puntos). Limitando período estacional a 4.
2025-05-23 18:54:43,540 - INFO - Período estacional seleccionado: 4 (std estacional: 1.8847)
2025-05-23 18:54:58,916 - INFO - Serie corta (53 puntos). Limitando período estacional a 4.
2025-05-23 18:54:58,926 - INFO - Período estacional seleccionado: 13 (std estacional: 1.8175)
2025-05-23 18:55:02,580 - WARNING - Orden nulo detectado para Inventory. Usando Holt.
2025-05-23 18:55:03,274 - INFO - Serie corta (53 puntos). Limitando período estacional a 4.
2025-05-23 18:55:03,283 - INFO - Período estacional seleccionado: 13 (std estacional: 1.7436)
2025-05-23 18:55:06,036 - WARNING - Orden nulo detectado para IT. Usando Holt.
2025-05-23 18:55:06,614 - INFO - Serie corta (53 puntos). Limitando período estacional a 4.
2025-05-23 18:55:06,625 - INFO - Período estacional seleccionado: 13 (std estacional: 2.1562)
2025-05-23 18:55:08,679 - WARNING - Residuos no son ruido blanco para Marketing (p-valor=0.0437)
2025-05-23 18:55:08,681 - INFO - Reintentando con parámetros más amplios para Marketing
2025-05-23 18:56:46,771 - WARNING - Residuos no son ruido blanco para Marketing (p-valor=0.0437)
2025-05-23 18:56:46,772 - WARNING - SARIMA no válido para Marketing, usando Holt
2025-05-23 18:56:47,385 - INFO - Serie corta (53 puntos). Limitando período estacional a 4.
2025-05-23 18:56:47,396 - INFO - Período estacional seleccionado: 13 (std estacional: 1.6428)
2025-05-23 18:56:57,551 - INFO - Predicciones generadas para SARIMA model
2025-05-23 18:56:57,581 - INFO - Predicciones generadas para SARIMA model
2025-05-23 18:56:57,711 - INFO - Predicciones generadas para HOLT model
2025-05-23 18:56:57,728 - INFO - Predicciones generadas para HOLT model
2025-05-23 18:56:57,751 - INFO - Predicciones generadas para HOLT model
2025-05-23 18:56:57,766 - INFO - Predicciones generadas para SARIMA model
2025-05-23 18:59:18,421 - INFO - Conexión a la base de datos exitosa
2025-05-23 18:59:25,745 - INFO - Predicciones y métricas guardadas exitosamente
2025-05-23 18:59:25,852 - INFO - Conexión a la base de datos exitosa
2025-05-23 20:07:25,398 - INFO - Conexión a la base de datos exitosa
2025-05-23 20:07:27,615 - INFO - Datos cargados: 318 registros
2025-05-23 20:07:28,374 - WARNING - Outliers detectados en Inventory:
     work_date department  total_overtime
212 2025-01-19  Inventory           14.71
290 2025-04-20  Inventory           17.93
2025-05-23 20:07:28,393 - WARNING - Outliers detectados en IT:
     work_date department  total_overtime
303 2025-05-04         IT           19.78
2025-05-23 20:07:28,406 - WARNING - Outliers detectados en Marketing:
     work_date department  total_overtime
286 2025-04-13  Marketing           20.43
2025-05-23 20:07:33,312 - INFO - Período estacional detectado: 8
2025-05-23 20:07:34,516 - INFO - Período estacional detectado: 3
2025-05-23 20:07:35,387 - INFO - Período estacional detectado: 9
2025-05-23 20:07:36,287 - INFO - Período estacional detectado: 7
2025-05-23 20:07:38,193 - INFO - Período estacional detectado: 6
2025-05-23 20:07:38,864 - INFO - Período estacional detectado: 1
2025-05-23 20:07:40,944 - INFO - Serie corta (53 puntos). Limitando período estacional a 4.
2025-05-23 20:07:40,973 - INFO - Período estacional seleccionado: 13 (std estacional: 1.6280)
2025-05-23 20:07:49,370 - INFO - Serie corta (53 puntos). Limitando período estacional a 4.
2025-05-23 20:07:49,383 - INFO - Período estacional seleccionado: 4 (std estacional: 1.8847)
2025-05-23 20:08:07,100 - INFO - Serie corta (53 puntos). Limitando período estacional a 4.
2025-05-23 20:08:07,117 - INFO - Período estacional seleccionado: 13 (std estacional: 1.8175)
2025-05-23 20:08:11,952 - WARNING - Orden nulo detectado para Inventory. Usando Holt.
2025-05-23 20:08:12,846 - INFO - Serie corta (53 puntos). Limitando período estacional a 4.
2025-05-23 20:08:12,856 - INFO - Período estacional seleccionado: 13 (std estacional: 1.7436)
2025-05-23 20:08:16,708 - WARNING - Orden nulo detectado para IT. Usando Holt.
2025-05-23 20:08:17,519 - INFO - Serie corta (53 puntos). Limitando período estacional a 4.
2025-05-23 20:08:17,532 - INFO - Período estacional seleccionado: 13 (std estacional: 2.1562)
2025-05-23 20:08:21,449 - WARNING - Residuos no son ruido blanco para Marketing (p-valor=0.0437)
2025-05-23 20:08:21,454 - INFO - Reintentando con parámetros más amplios para Marketing
2025-05-23 20:10:04,416 - WARNING - Residuos no son ruido blanco para Marketing (p-valor=0.0437)
2025-05-23 20:10:04,417 - WARNING - SARIMA no válido para Marketing, usando Holt
2025-05-23 20:10:05,383 - INFO - Serie corta (53 puntos). Limitando período estacional a 4.
2025-05-23 20:10:05,398 - INFO - Período estacional seleccionado: 13 (std estacional: 1.6428)
2025-05-23 20:10:18,700 - INFO - Predicciones generadas para SARIMA model
2025-05-23 20:10:18,737 - INFO - Predicciones generadas para SARIMA model
2025-05-23 20:10:18,896 - INFO - Predicciones generadas para HOLT model
2025-05-23 20:10:19,012 - INFO - Predicciones generadas para HOLT model
2025-05-23 20:10:19,086 - INFO - Predicciones generadas para HOLT model
2025-05-23 20:10:19,161 - INFO - Predicciones generadas para SARIMA model
2025-05-23 20:10:21,051 - INFO - Conexión a la base de datos exitosa
2025-05-23 20:10:21,282 - INFO - Predicciones y métricas guardadas exitosamente
2025-05-23 20:10:21,393 - INFO - Conexión a la base de datos exitosa
